

Microchip Technology PIC LITE Macro Assembler V1.33 build 59893 
                                                                                               Tue Mar 28 11:42:45 2023

Microchip Technology Omniscient Code Generator (Lite mode) build 59893
     1                           	processor	16F877A
     2                           	opt	pw 120
     3                           	opt	lm
     4                           	psect	text0,local,class=CODE,merge=1,delta=2
     5                           	psect	cinit,global,class=CODE,merge=1,delta=2
     6                           	psect	cstackCOMMON,global,class=COMMON,space=1,delta=1
     7                           	psect	maintext,global,class=CODE,split=1,delta=2
     8                           	psect	text1,local,class=CODE,merge=1,delta=2
     9                           	psect	text2,local,class=CODE,merge=1,delta=2
    10                           	psect	text3,local,class=CODE,merge=1,delta=2
    11                           	psect	text4,local,class=CODE,merge=1,delta=2
    12                           	psect	text5,local,class=CODE,merge=1,delta=2
    13                           	psect	text6,local,class=CODE,merge=1,delta=2
    14                           	psect	text7,local,class=CODE,merge=1,delta=2
    15                           	dabs	1,0x7E,2
    16  0000                     	;# 
    17  0001                     	;# 
    18  0002                     	;# 
    19  0003                     	;# 
    20  0004                     	;# 
    21  0005                     	;# 
    22  0006                     	;# 
    23  0007                     	;# 
    24  0008                     	;# 
    25  0009                     	;# 
    26  000A                     	;# 
    27  000B                     	;# 
    28  000C                     	;# 
    29  000D                     	;# 
    30  000E                     	;# 
    31  000E                     	;# 
    32  000F                     	;# 
    33  0010                     	;# 
    34  0011                     	;# 
    35  0012                     	;# 
    36  0013                     	;# 
    37  0014                     	;# 
    38  0015                     	;# 
    39  0015                     	;# 
    40  0016                     	;# 
    41  0017                     	;# 
    42  0018                     	;# 
    43  0019                     	;# 
    44  001A                     	;# 
    45  001B                     	;# 
    46  001B                     	;# 
    47  001C                     	;# 
    48  001D                     	;# 
    49  001E                     	;# 
    50  001F                     	;# 
    51  0081                     	;# 
    52  0085                     	;# 
    53  0086                     	;# 
    54  0087                     	;# 
    55  0088                     	;# 
    56  0089                     	;# 
    57  008C                     	;# 
    58  008D                     	;# 
    59  008E                     	;# 
    60  0091                     	;# 
    61  0092                     	;# 
    62  0093                     	;# 
    63  0094                     	;# 
    64  0098                     	;# 
    65  0099                     	;# 
    66  009C                     	;# 
    67  009D                     	;# 
    68  009E                     	;# 
    69  009F                     	;# 
    70  010C                     	;# 
    71  010D                     	;# 
    72  010E                     	;# 
    73  010F                     	;# 
    74  018C                     	;# 
    75  018D                     	;# 
    76  0006                     _PORTB	set	6
    77  0008                     _PORTD	set	8
    78  0013                     _SSPBUF	set	19
    79  0014                     _SSPCON	set	20
    80  0093                     _SSPADD	set	147
    81  0091                     _SSPCON2	set	145
    82  0094                     _SSPSTAT	set	148
    83  0086                     _TRISB	set	134
    84  0088                     _TRISD	set	136
    85  048D                     _ACKDT	set	1165
    86  048C                     _ACKEN	set	1164
    87  048A                     _PEN	set	1162
    88  048B                     _RCEN	set	1163
    89  0489                     _RSEN	set	1161
    90  0488                     _SEN	set	1160
    91  043B                     _TRISC3	set	1083
    92  043C                     _TRISC4	set	1084
    93                           
    94                           	psect	text0
    95  0000                     __ptext0:	
    96                           ; #config settings
    97                           
    98                           
    99                           ;psect for function _I2C_Wait
   100  0000                     
   101                           	psect	cinit
   102  07FC                     start_initialization:	
   103  07FC                     __initialization:	
   104  07FC                     end_of_initialization:	
   105                           ;End of C runtime variable initialization code
   106                           
   107  07FC                     __end_of__initialization:	
   108  07FC  0183               	clrf	3
   109  07FD  120A  118A  2FA9   	ljmp	_main	;jump to C main() function
   110                           
   111                           	psect	cstackCOMMON
   112  0070                     __pcstackCOMMON:	
   113  0070                     ?_delay_ms:	
   114  0070                     ?_init_I2C_Master:	
   115                           ; 0 bytes @ 0x0
   116                           
   117  0070                     ??_init_I2C_Master:	
   118                           ; 0 bytes @ 0x0
   119                           
   120  0070                     ?_I2C_Wait:	
   121                           ; 0 bytes @ 0x0
   122                           
   123  0070                     ??_I2C_Wait:	
   124                           ; 0 bytes @ 0x0
   125                           
   126  0070                     ?_I2C_Start:	
   127                           ; 0 bytes @ 0x0
   128                           
   129  0070                     ??_I2C_Start:	
   130                           ; 0 bytes @ 0x0
   131                           
   132  0070                     ?_I2C_Stop:	
   133                           ; 0 bytes @ 0x0
   134                           
   135  0070                     ??_I2C_Stop:	
   136                           ; 0 bytes @ 0x0
   137                           
   138  0070                     ?_I2C_Send:	
   139                           ; 0 bytes @ 0x0
   140                           
   141  0070                     ??_I2C_Send:	
   142                           ; 0 bytes @ 0x0
   143                           
   144  0070                     ??_I2C_Receive:	
   145                           ; 0 bytes @ 0x0
   146                           
   147  0070                     ?_main:	
   148                           ; 0 bytes @ 0x0
   149                           
   150  0070                     ?_I2C_Receive:	
   151                           ; 0 bytes @ 0x0
   152                           
   153  0070                     I2C_Send@data:	
   154                           ; 1 bytes @ 0x0
   155                           
   156  0070                     delay_ms@ms_Count:	
   157                           ; 1 bytes @ 0x0
   158                           
   159                           
   160                           ; 2 bytes @ 0x0
   161  0070                     	ds	1
   162  0071                     I2C_Receive@ack:	
   163                           
   164                           ; 1 bytes @ 0x1
   165  0071                     	ds	1
   166  0072                     ??_delay_ms:	
   167  0072                     I2C_Receive@temp:	
   168                           ; 0 bytes @ 0x2
   169                           
   170  0072                     delay_ms@i:	
   171                           ; 1 bytes @ 0x2
   172                           
   173                           
   174                           ; 2 bytes @ 0x2
   175  0072                     	ds	2
   176  0074                     delay_ms@j:	
   177                           
   178                           ; 2 bytes @ 0x4
   179  0074                     	ds	2
   180  0076                     ??_main:	
   181                           
   182                           	psect	maintext
   183  07A9                     __pmaintext:	
   184                           ; 0 bytes @ 0x6
   185 ;;
   186 ;;Main: autosize = 0, tempsize = 0, incstack = 0, save=0
   187 ;;
   188 ;; *************** function _main *****************
   189 ;; Defined at:
   190 ;;		line 78 in file "D:\JinBus\CpE 3201\Practical Activity #7\CpE 3201-LE7-2\dumalaganDa_LE7-2-M.c"
   191 ;; Parameters:    Size  Location     Type
   192 ;;		None
   193 ;; Auto vars:     Size  Location     Type
   194 ;;		None
   195 ;; Return value:  Size  Location     Type
   196 ;;		None               void
   197 ;; Registers used:
   198 ;;		wreg, status,2, status,0, pclath, cstack
   199 ;; Tracked objects:
   200 ;;		On entry : 17F/0
   201 ;;		On exit  : 0/0
   202 ;;		Unchanged: 0/0
   203 ;; Data sizes:     COMMON   BANK0   BANK1   BANK3   BANK2
   204 ;;      Params:         0       0       0       0       0
   205 ;;      Locals:         0       0       0       0       0
   206 ;;      Temps:          0       0       0       0       0
   207 ;;      Totals:         0       0       0       0       0
   208 ;;Total ram usage:        0 bytes
   209 ;; Hardware stack levels required when called:    2
   210 ;; This function calls:
   211 ;;		_I2C_Receive
   212 ;;		_I2C_Send
   213 ;;		_I2C_Start
   214 ;;		_I2C_Stop
   215 ;;		_delay_ms
   216 ;;		_init_I2C_Master
   217 ;; This function is called by:
   218 ;;		Startup code after reset
   219 ;; This function uses a non-reentrant model
   220 ;;
   221                           
   222                           
   223                           ;psect for function _main
   224  07A9                     _main:	
   225                           
   226                           ;dumalaganDa_LE7-2-M.c: 79: TRISB = 0x00;
   227                           
   228                           ;incstack = 0
   229                           ; Regs used in _main: [wreg+status,2+status,0+pclath+cstack]
   230  07A9  1683               	bsf	3,5	;RP0=1, select bank1
   231  07AA  1303               	bcf	3,6	;RP1=0, select bank1
   232  07AB  0186               	clrf	6	;volatile
   233                           
   234                           ;dumalaganDa_LE7-2-M.c: 80: PORTB = 0x00;
   235  07AC  1283               	bcf	3,5	;RP0=0, select bank0
   236  07AD  1303               	bcf	3,6	;RP1=0, select bank0
   237  07AE  0186               	clrf	6	;volatile
   238                           
   239                           ;dumalaganDa_LE7-2-M.c: 81: TRISD = 0xFF;
   240  07AF  30FF               	movlw	255
   241  07B0  1683               	bsf	3,5	;RP0=1, select bank1
   242  07B1  1303               	bcf	3,6	;RP1=0, select bank1
   243  07B2  0088               	movwf	8	;volatile
   244                           
   245                           ;dumalaganDa_LE7-2-M.c: 82: init_I2C_Master();
   246  07B3  120A  118A  274D  120A  118A  	fcall	_init_I2C_Master
   247  07B8                     l590:	
   248                           ;dumalaganDa_LE7-2-M.c: 83: for(;;) {
   249                           
   250                           
   251                           ;dumalaganDa_LE7-2-M.c: 84: I2C_Start();
   252  07B8  120A  118A  272E  120A  118A  	fcall	_I2C_Start
   253                           
   254                           ;dumalaganDa_LE7-2-M.c: 85: I2C_Send(0x10);
   255  07BD  3010               	movlw	16
   256  07BE  120A  118A  2744  120A  118A  	fcall	_I2C_Send
   257                           
   258                           ;dumalaganDa_LE7-2-M.c: 86: I2C_Send(PORTD);
   259  07C3  1283               	bcf	3,5	;RP0=0, select bank0
   260  07C4  1303               	bcf	3,6	;RP1=0, select bank0
   261  07C5  0808               	movf	8,w	;volatile
   262  07C6  120A  118A  2744  120A  118A  	fcall	_I2C_Send
   263                           
   264                           ;dumalaganDa_LE7-2-M.c: 87: I2C_Stop();
   265  07CB  120A  118A  2735  120A  118A  	fcall	_I2C_Stop
   266                           
   267                           ;dumalaganDa_LE7-2-M.c: 88: delay_ms(200);
   268  07D0  30C8               	movlw	200
   269  07D1  00F0               	movwf	delay_ms@ms_Count
   270  07D2  3000               	movlw	0
   271  07D3  00F1               	movwf	delay_ms@ms_Count+1
   272  07D4  120A  118A  2782  120A  118A  	fcall	_delay_ms
   273                           
   274                           ;dumalaganDa_LE7-2-M.c: 89: I2C_Start();
   275  07D9  120A  118A  272E  120A  118A  	fcall	_I2C_Start
   276                           
   277                           ;dumalaganDa_LE7-2-M.c: 90: I2C_Send(0x11);
   278  07DE  3011               	movlw	17
   279  07DF  120A  118A  2744  120A  118A  	fcall	_I2C_Send
   280                           
   281                           ;dumalaganDa_LE7-2-M.c: 91: PORTB = I2C_Receive(0);
   282  07E4  3000               	movlw	0
   283  07E5  120A  118A  275C  120A  118A  	fcall	_I2C_Receive
   284  07EA  1283               	bcf	3,5	;RP0=0, select bank0
   285  07EB  1303               	bcf	3,6	;RP1=0, select bank0
   286  07EC  0086               	movwf	6	;volatile
   287                           
   288                           ;dumalaganDa_LE7-2-M.c: 94: I2C_Stop();
   289  07ED  120A  118A  2735  120A  118A  	fcall	_I2C_Stop
   290                           
   291                           ;dumalaganDa_LE7-2-M.c: 95: delay_ms(200);
   292  07F2  30C8               	movlw	200
   293  07F3  00F0               	movwf	delay_ms@ms_Count
   294  07F4  3000               	movlw	0
   295  07F5  00F1               	movwf	delay_ms@ms_Count+1
   296  07F6  120A  118A  2782  120A  118A  	fcall	_delay_ms
   297                           
   298                           ;dumalaganDa_LE7-2-M.c: 96: }
   299  07FB  2FB8               	goto	l590
   300  07FC                     __end_of_main:	
   301                           
   302                           	psect	text1
   303  074D                     __ptext1:	
   304 ;; *************** function _init_I2C_Master *****************
   305 ;; Defined at:
   306 ;;		line 22 in file "D:\JinBus\CpE 3201\Practical Activity #7\CpE 3201-LE7-2\dumalaganDa_LE7-2-M.c"
   307 ;; Parameters:    Size  Location     Type
   308 ;;		None
   309 ;; Auto vars:     Size  Location     Type
   310 ;;		None
   311 ;; Return value:  Size  Location     Type
   312 ;;		None               void
   313 ;; Registers used:
   314 ;;		wreg, status,2
   315 ;; Tracked objects:
   316 ;;		On entry : 0/0
   317 ;;		On exit  : 0/0
   318 ;;		Unchanged: 0/0
   319 ;; Data sizes:     COMMON   BANK0   BANK1   BANK3   BANK2
   320 ;;      Params:         0       0       0       0       0
   321 ;;      Locals:         0       0       0       0       0
   322 ;;      Temps:          0       0       0       0       0
   323 ;;      Totals:         0       0       0       0       0
   324 ;;Total ram usage:        0 bytes
   325 ;; Hardware stack levels used:    1
   326 ;; This function calls:
   327 ;;		Nothing
   328 ;; This function is called by:
   329 ;;		_main
   330 ;; This function uses a non-reentrant model
   331 ;;
   332                           
   333                           
   334                           ;psect for function _init_I2C_Master
   335  074D                     _init_I2C_Master:	
   336                           
   337                           ;dumalaganDa_LE7-2-M.c: 23: TRISC3 = 1;
   338                           
   339                           ;incstack = 0
   340                           ; Regs used in _init_I2C_Master: [wreg+status,2]
   341  074D  1683               	bsf	3,5	;RP0=1, select bank1
   342  074E  1303               	bcf	3,6	;RP1=0, select bank1
   343  074F  1587               	bsf	7,3	;volatile
   344                           
   345                           ;dumalaganDa_LE7-2-M.c: 24: TRISC4 = 1;
   346  0750  1607               	bsf	7,4	;volatile
   347                           
   348                           ;dumalaganDa_LE7-2-M.c: 25: SSPCON = 0x28;
   349  0751  3028               	movlw	40
   350  0752  1283               	bcf	3,5	;RP0=0, select bank0
   351  0753  1303               	bcf	3,6	;RP1=0, select bank0
   352  0754  0094               	movwf	20	;volatile
   353                           
   354                           ;dumalaganDa_LE7-2-M.c: 26: SSPCON2 = 0x00;
   355  0755  1683               	bsf	3,5	;RP0=1, select bank1
   356  0756  1303               	bcf	3,6	;RP1=0, select bank1
   357  0757  0191               	clrf	17	;volatile
   358                           
   359                           ;dumalaganDa_LE7-2-M.c: 28: SSPSTAT = 0x00;
   360  0758  0194               	clrf	20	;volatile
   361                           
   362                           ;dumalaganDa_LE7-2-M.c: 29: SSPADD = 0x09;
   363  0759  3009               	movlw	9
   364  075A  0093               	movwf	19	;volatile
   365  075B  0008               	return
   366  075C                     __end_of_init_I2C_Master:	
   367                           
   368                           	psect	text2
   369  0782                     __ptext2:	
   370 ;; *************** function _delay_ms *****************
   371 ;; Defined at:
   372 ;;		line 15 in file "D:\JinBus\CpE 3201\Practical Activity #7\CpE 3201-LE7-2\dumalaganDa_LE7-2-M.c"
   373 ;; Parameters:    Size  Location     Type
   374 ;;  ms_Count        2    0[COMMON] unsigned int 
   375 ;; Auto vars:     Size  Location     Type
   376 ;;  j               2    4[COMMON] unsigned int 
   377 ;;  i               2    2[COMMON] unsigned int 
   378 ;; Return value:  Size  Location     Type
   379 ;;		None               void
   380 ;; Registers used:
   381 ;;		wreg, status,2
   382 ;; Tracked objects:
   383 ;;		On entry : 0/0
   384 ;;		On exit  : 0/0
   385 ;;		Unchanged: 0/0
   386 ;; Data sizes:     COMMON   BANK0   BANK1   BANK3   BANK2
   387 ;;      Params:         2       0       0       0       0
   388 ;;      Locals:         4       0       0       0       0
   389 ;;      Temps:          0       0       0       0       0
   390 ;;      Totals:         6       0       0       0       0
   391 ;;Total ram usage:        6 bytes
   392 ;; Hardware stack levels used:    1
   393 ;; This function calls:
   394 ;;		Nothing
   395 ;; This function is called by:
   396 ;;		_main
   397 ;; This function uses a non-reentrant model
   398 ;;
   399                           
   400                           
   401                           ;psect for function _delay_ms
   402  0782                     _delay_ms:	
   403                           
   404                           ;dumalaganDa_LE7-2-M.c: 16: unsigned int i,j;
   405                           ;dumalaganDa_LE7-2-M.c: 17: for(i=0;i<ms_Count;i++) {
   406                           
   407                           ;incstack = 0
   408                           ; Regs used in _delay_ms: [wreg+status,2]
   409  0782  01F2               	clrf	delay_ms@i
   410  0783  01F3               	clrf	delay_ms@i+1
   411  0784                     l37:	
   412  0784  0871               	movf	delay_ms@ms_Count+1,w
   413  0785  0273               	subwf	delay_ms@i+1,w
   414  0786  1D03               	skipz
   415  0787  2F8A               	goto	u55
   416  0788  0870               	movf	delay_ms@ms_Count,w
   417  0789  0272               	subwf	delay_ms@i,w
   418  078A                     u55:	
   419  078A  1803               	btfsc	3,0
   420  078B  0008               	return
   421                           
   422                           ;dumalaganDa_LE7-2-M.c: 18: for(j=0;j<1000;j++);
   423  078C  01F4               	clrf	delay_ms@j
   424  078D  01F5               	clrf	delay_ms@j+1
   425  078E  3003               	movlw	3
   426  078F  0275               	subwf	delay_ms@j+1,w
   427  0790  30E8               	movlw	232
   428  0791  1903               	skipnz
   429  0792  0274               	subwf	delay_ms@j,w
   430  0793  1803               	btfsc	3,0
   431  0794  2FA2               	goto	l544
   432  0795                     l542:	
   433  0795  3001               	movlw	1
   434  0796  07F4               	addwf	delay_ms@j,f
   435  0797  1803               	skipnc
   436  0798  0AF5               	incf	delay_ms@j+1,f
   437  0799  3000               	movlw	0
   438  079A  07F5               	addwf	delay_ms@j+1,f
   439  079B  3003               	movlw	3
   440  079C  0275               	subwf	delay_ms@j+1,w
   441  079D  30E8               	movlw	232
   442  079E  1903               	skipnz
   443  079F  0274               	subwf	delay_ms@j,w
   444  07A0  1C03               	skipc
   445  07A1  2F95               	goto	l542
   446  07A2                     l544:	
   447  07A2  3001               	movlw	1
   448  07A3  07F2               	addwf	delay_ms@i,f
   449  07A4  1803               	skipnc
   450  07A5  0AF3               	incf	delay_ms@i+1,f
   451  07A6  3000               	movlw	0
   452  07A7  07F3               	addwf	delay_ms@i+1,f
   453  07A8  2F84               	goto	l37
   454  07A9                     __end_of_delay_ms:	
   455                           
   456                           	psect	text3
   457  0735                     __ptext3:	
   458 ;; *************** function _I2C_Stop *****************
   459 ;; Defined at:
   460 ;;		line 44 in file "D:\JinBus\CpE 3201\Practical Activity #7\CpE 3201-LE7-2\dumalaganDa_LE7-2-M.c"
   461 ;; Parameters:    Size  Location     Type
   462 ;;		None
   463 ;; Auto vars:     Size  Location     Type
   464 ;;		None
   465 ;; Return value:  Size  Location     Type
   466 ;;		None               void
   467 ;; Registers used:
   468 ;;		wreg, status,2, status,0, pclath, cstack
   469 ;; Tracked objects:
   470 ;;		On entry : 0/0
   471 ;;		On exit  : 0/0
   472 ;;		Unchanged: 0/0
   473 ;; Data sizes:     COMMON   BANK0   BANK1   BANK3   BANK2
   474 ;;      Params:         0       0       0       0       0
   475 ;;      Locals:         0       0       0       0       0
   476 ;;      Temps:          0       0       0       0       0
   477 ;;      Totals:         0       0       0       0       0
   478 ;;Total ram usage:        0 bytes
   479 ;; Hardware stack levels used:    1
   480 ;; Hardware stack levels required when called:    1
   481 ;; This function calls:
   482 ;;		_I2C_Wait
   483 ;; This function is called by:
   484 ;;		_main
   485 ;; This function uses a non-reentrant model
   486 ;;
   487                           
   488                           
   489                           ;psect for function _I2C_Stop
   490  0735                     _I2C_Stop:	
   491                           
   492                           ;dumalaganDa_LE7-2-M.c: 46: I2C_Wait();
   493                           
   494                           ;incstack = 0
   495                           ; Regs used in _I2C_Stop: [wreg+status,2+status,0+pclath+cstack]
   496  0735  120A  118A  273C   	fcall	_I2C_Wait
   497                           
   498                           ;dumalaganDa_LE7-2-M.c: 48: PEN = 1;
   499  0738  1683               	bsf	3,5	;RP0=1, select bank1
   500  0739  1303               	bcf	3,6	;RP1=0, select bank1
   501  073A  1511               	bsf	17,2	;volatile
   502  073B  0008               	return
   503  073C                     __end_of_I2C_Stop:	
   504                           
   505                           	psect	text4
   506  072E                     __ptext4:	
   507 ;; *************** function _I2C_Start *****************
   508 ;; Defined at:
   509 ;;		line 37 in file "D:\JinBus\CpE 3201\Practical Activity #7\CpE 3201-LE7-2\dumalaganDa_LE7-2-M.c"
   510 ;; Parameters:    Size  Location     Type
   511 ;;		None
   512 ;; Auto vars:     Size  Location     Type
   513 ;;		None
   514 ;; Return value:  Size  Location     Type
   515 ;;		None               void
   516 ;; Registers used:
   517 ;;		wreg, status,2, status,0, pclath, cstack
   518 ;; Tracked objects:
   519 ;;		On entry : 0/0
   520 ;;		On exit  : 0/0
   521 ;;		Unchanged: 0/0
   522 ;; Data sizes:     COMMON   BANK0   BANK1   BANK3   BANK2
   523 ;;      Params:         0       0       0       0       0
   524 ;;      Locals:         0       0       0       0       0
   525 ;;      Temps:          0       0       0       0       0
   526 ;;      Totals:         0       0       0       0       0
   527 ;;Total ram usage:        0 bytes
   528 ;; Hardware stack levels used:    1
   529 ;; Hardware stack levels required when called:    1
   530 ;; This function calls:
   531 ;;		_I2C_Wait
   532 ;; This function is called by:
   533 ;;		_main
   534 ;; This function uses a non-reentrant model
   535 ;;
   536                           
   537                           
   538                           ;psect for function _I2C_Start
   539  072E                     _I2C_Start:	
   540                           
   541                           ;dumalaganDa_LE7-2-M.c: 39: I2C_Wait();
   542                           
   543                           ;incstack = 0
   544                           ; Regs used in _I2C_Start: [wreg+status,2+status,0+pclath+cstack]
   545  072E  120A  118A  273C   	fcall	_I2C_Wait
   546                           
   547                           ;dumalaganDa_LE7-2-M.c: 41: SEN = 1;
   548  0731  1683               	bsf	3,5	;RP0=1, select bank1
   549  0732  1303               	bcf	3,6	;RP1=0, select bank1
   550  0733  1411               	bsf	17,0	;volatile
   551  0734  0008               	return
   552  0735                     __end_of_I2C_Start:	
   553                           
   554                           	psect	text5
   555  0744                     __ptext5:	
   556 ;; *************** function _I2C_Send *****************
   557 ;; Defined at:
   558 ;;		line 58 in file "D:\JinBus\CpE 3201\Practical Activity #7\CpE 3201-LE7-2\dumalaganDa_LE7-2-M.c"
   559 ;; Parameters:    Size  Location     Type
   560 ;;  data            1    wreg     unsigned char 
   561 ;; Auto vars:     Size  Location     Type
   562 ;;  data            1    0[COMMON] unsigned char 
   563 ;; Return value:  Size  Location     Type
   564 ;;		None               void
   565 ;; Registers used:
   566 ;;		wreg, status,2, status,0, pclath, cstack
   567 ;; Tracked objects:
   568 ;;		On entry : 0/0
   569 ;;		On exit  : 0/0
   570 ;;		Unchanged: 0/0
   571 ;; Data sizes:     COMMON   BANK0   BANK1   BANK3   BANK2
   572 ;;      Params:         0       0       0       0       0
   573 ;;      Locals:         1       0       0       0       0
   574 ;;      Temps:          0       0       0       0       0
   575 ;;      Totals:         1       0       0       0       0
   576 ;;Total ram usage:        1 bytes
   577 ;; Hardware stack levels used:    1
   578 ;; Hardware stack levels required when called:    1
   579 ;; This function calls:
   580 ;;		_I2C_Wait
   581 ;; This function is called by:
   582 ;;		_main
   583 ;; This function uses a non-reentrant model
   584 ;;
   585                           
   586                           
   587                           ;psect for function _I2C_Send
   588  0744                     _I2C_Send:	
   589                           
   590                           ;incstack = 0
   591                           ; Regs used in _I2C_Send: [wreg+status,2+status,0+pclath+cstack]
   592                           ;I2C_Send@data stored from wreg
   593  0744  00F0               	movwf	I2C_Send@data
   594                           
   595                           ;dumalaganDa_LE7-2-M.c: 60: I2C_Wait();
   596  0745  120A  118A  273C   	fcall	_I2C_Wait
   597                           
   598                           ;dumalaganDa_LE7-2-M.c: 62: SSPBUF = data;
   599  0748  0870               	movf	I2C_Send@data,w
   600  0749  1283               	bcf	3,5	;RP0=0, select bank0
   601  074A  1303               	bcf	3,6	;RP1=0, select bank0
   602  074B  0093               	movwf	19	;volatile
   603  074C  0008               	return
   604  074D                     __end_of_I2C_Send:	
   605                           
   606                           	psect	text6
   607  075C                     __ptext6:	
   608 ;; *************** function _I2C_Receive *****************
   609 ;; Defined at:
   610 ;;		line 65 in file "D:\JinBus\CpE 3201\Practical Activity #7\CpE 3201-LE7-2\dumalaganDa_LE7-2-M.c"
   611 ;; Parameters:    Size  Location     Type
   612 ;;  ack             1    wreg     unsigned char 
   613 ;; Auto vars:     Size  Location     Type
   614 ;;  ack             1    1[COMMON] unsigned char 
   615 ;;  temp            1    2[COMMON] unsigned char 
   616 ;; Return value:  Size  Location     Type
   617 ;;                  1    wreg      unsigned char 
   618 ;; Registers used:
   619 ;;		wreg, status,2, status,0, pclath, cstack
   620 ;; Tracked objects:
   621 ;;		On entry : 0/0
   622 ;;		On exit  : 0/0
   623 ;;		Unchanged: 0/0
   624 ;; Data sizes:     COMMON   BANK0   BANK1   BANK3   BANK2
   625 ;;      Params:         0       0       0       0       0
   626 ;;      Locals:         2       0       0       0       0
   627 ;;      Temps:          1       0       0       0       0
   628 ;;      Totals:         3       0       0       0       0
   629 ;;Total ram usage:        3 bytes
   630 ;; Hardware stack levels used:    1
   631 ;; Hardware stack levels required when called:    1
   632 ;; This function calls:
   633 ;;		_I2C_Wait
   634 ;; This function is called by:
   635 ;;		_main
   636 ;; This function uses a non-reentrant model
   637 ;;
   638                           
   639                           
   640                           ;psect for function _I2C_Receive
   641  075C                     _I2C_Receive:	
   642                           
   643                           ;incstack = 0
   644                           ; Regs used in _I2C_Receive: [wreg+status,2+status,0+pclath+cstack]
   645                           ;I2C_Receive@ack stored from wreg
   646  075C  00F1               	movwf	I2C_Receive@ack
   647                           
   648                           ;dumalaganDa_LE7-2-M.c: 66: unsigned char temp;
   649                           ;dumalaganDa_LE7-2-M.c: 67: I2C_Wait();
   650  075D  120A  118A  273C  120A  118A  	fcall	_I2C_Wait
   651                           
   652                           ;dumalaganDa_LE7-2-M.c: 68: RCEN = 1;
   653  0762  1683               	bsf	3,5	;RP0=1, select bank1
   654  0763  1303               	bcf	3,6	;RP1=0, select bank1
   655  0764  1591               	bsf	17,3	;volatile
   656                           
   657                           ;dumalaganDa_LE7-2-M.c: 69: I2C_Wait();
   658  0765  120A  118A  273C  120A  118A  	fcall	_I2C_Wait
   659                           
   660                           ;dumalaganDa_LE7-2-M.c: 70: temp = SSPBUF;
   661  076A  1283               	bcf	3,5	;RP0=0, select bank0
   662  076B  1303               	bcf	3,6	;RP1=0, select bank0
   663  076C  0813               	movf	19,w	;volatile
   664  076D  00F0               	movwf	??_I2C_Receive
   665  076E  0870               	movf	??_I2C_Receive,w
   666  076F  00F2               	movwf	I2C_Receive@temp
   667                           
   668                           ;dumalaganDa_LE7-2-M.c: 71: I2C_Wait();
   669  0770  120A  118A  273C  120A  118A  	fcall	_I2C_Wait
   670                           
   671                           ;dumalaganDa_LE7-2-M.c: 72: ACKDT = (ack)?0:1;
   672  0775  08F1               	movf	I2C_Receive@ack,f
   673  0776  1D03               	btfss	3,2
   674  0777  2F7C               	goto	u60
   675  0778  1683               	bsf	3,5	;RP0=1, select bank1
   676  0779  1303               	bcf	3,6	;RP1=0, select bank1
   677  077A  1691               	bsf	17,5	;volatile
   678  077B  2F7F               	goto	l576
   679  077C                     u60:	
   680  077C  1683               	bsf	3,5	;RP0=1, select bank1
   681  077D  1303               	bcf	3,6	;RP1=0, select bank1
   682  077E  1291               	bcf	17,5	;volatile
   683  077F                     l576:	
   684                           
   685                           ;dumalaganDa_LE7-2-M.c: 73: ACKEN = 1;
   686  077F  1611               	bsf	17,4	;volatile
   687                           
   688                           ;dumalaganDa_LE7-2-M.c: 74: return temp;
   689  0780  0872               	movf	I2C_Receive@temp,w
   690  0781  0008               	return
   691  0782                     __end_of_I2C_Receive:	
   692                           
   693                           	psect	text7
   694  073C                     __ptext7:	
   695 ;; *************** function _I2C_Wait *****************
   696 ;; Defined at:
   697 ;;		line 32 in file "D:\JinBus\CpE 3201\Practical Activity #7\CpE 3201-LE7-2\dumalaganDa_LE7-2-M.c"
   698 ;; Parameters:    Size  Location     Type
   699 ;;		None
   700 ;; Auto vars:     Size  Location     Type
   701 ;;		None
   702 ;; Return value:  Size  Location     Type
   703 ;;		None               void
   704 ;; Registers used:
   705 ;;		wreg, status,2
   706 ;; Tracked objects:
   707 ;;		On entry : 0/0
   708 ;;		On exit  : 0/0
   709 ;;		Unchanged: 0/0
   710 ;; Data sizes:     COMMON   BANK0   BANK1   BANK3   BANK2
   711 ;;      Params:         0       0       0       0       0
   712 ;;      Locals:         0       0       0       0       0
   713 ;;      Temps:          0       0       0       0       0
   714 ;;      Totals:         0       0       0       0       0
   715 ;;Total ram usage:        0 bytes
   716 ;; Hardware stack levels used:    1
   717 ;; This function calls:
   718 ;;		Nothing
   719 ;; This function is called by:
   720 ;;		_I2C_Start
   721 ;;		_I2C_Stop
   722 ;;		_I2C_Send
   723 ;;		_I2C_Receive
   724 ;;		_I2C_RepeatedStart
   725 ;; This function uses a non-reentrant model
   726 ;;
   727                           
   728                           
   729                           ;psect for function _I2C_Wait
   730  073C                     _I2C_Wait:	
   731  073C                     l530:	
   732                           ;dumalaganDa_LE7-2-M.c: 34: while((SSPCON2 & 0x1F) || (SSPSTAT & 0x04));
   733                           
   734                           ;incstack = 0
   735                           ; Regs used in _I2C_Wait: [wreg+status,2]
   736                           
   737  073C  1683               	bsf	3,5	;RP0=1, select bank1
   738  073D  1303               	bcf	3,6	;RP1=0, select bank1
   739  073E  0811               	movf	17,w	;volatile
   740  073F  391F               	andlw	31
   741  0740  1903               	btfsc	3,2
   742  0741  1914               	btfsc	20,2	;volatile
   743  0742  2F3C               	goto	l530
   744  0743  0008               	return
   745  0744                     __end_of_I2C_Wait:	
   746  007E                     btemp	set	126	;btemp
   747  007E                     wtemp	set	126
   748  007E                     wtemp0	set	126
   749  0080                     wtemp1	set	128
   750  0082                     wtemp2	set	130
   751  0084                     wtemp3	set	132
   752  0086                     wtemp4	set	134
   753  0088                     wtemp5	set	136
   754  007F                     wtemp6	set	127
   755  007E                     ttemp	set	126
   756  007E                     ttemp0	set	126
   757  0081                     ttemp1	set	129
   758  0084                     ttemp2	set	132
   759  0087                     ttemp3	set	135
   760  007F                     ttemp4	set	127
   761  007E                     ltemp	set	126
   762  007E                     ltemp0	set	126
   763  0082                     ltemp1	set	130
   764  0086                     ltemp2	set	134
   765  0080                     ltemp3	set	128


Data Sizes:
    Strings     0
    Constant    0
    Data        0
    BSS         0
    Persistent  0
    Stack       0

Auto Spaces:
    Space          Size  Autos    Used
    COMMON           14      6       6
    BANK0            80      0       0
    BANK1            80      0       0
    BANK3            96      0       0
    BANK2            96      0       0

Pointer List with Targets:

    None.

Critical Paths under _main in COMMON

    _main->_delay_ms

Critical Paths under _main in BANK0

    None.

Critical Paths under _main in BANK1

    None.

Critical Paths under _main in BANK3

    None.

Critical Paths under _main in BANK2

    None.

Call Graph Tables:

 ---------------------------------------------------------------------------------
 (Depth) Function   	        Calls       Base Space   Used Autos Params    Refs
 ---------------------------------------------------------------------------------
 (0) _main                                                 0     0      0     191
                        _I2C_Receive
                           _I2C_Send
                          _I2C_Start
                           _I2C_Stop
                           _delay_ms
                    _init_I2C_Master
 ---------------------------------------------------------------------------------
 (1) _init_I2C_Master                                      0     0      0       0
 ---------------------------------------------------------------------------------
 (1) _delay_ms                                             6     4      2     146
                                              0 COMMON     6     4      2
 ---------------------------------------------------------------------------------
 (1) _I2C_Stop                                             0     0      0       0
                           _I2C_Wait
 ---------------------------------------------------------------------------------
 (1) _I2C_Start                                            0     0      0       0
                           _I2C_Wait
 ---------------------------------------------------------------------------------
 (1) _I2C_Send                                             1     1      0      15
                                              0 COMMON     1     1      0
                           _I2C_Wait
 ---------------------------------------------------------------------------------
 (1) _I2C_Receive                                          3     3      0      30
                                              0 COMMON     3     3      0
                           _I2C_Wait
 ---------------------------------------------------------------------------------
 (2) _I2C_Wait                                             0     0      0       0
 ---------------------------------------------------------------------------------
 Estimated maximum stack depth 2
 ---------------------------------------------------------------------------------

 Call Graph Graphs:

 _main (ROOT)
   _I2C_Receive
     _I2C_Wait
   _I2C_Send
     _I2C_Wait
   _I2C_Start
     _I2C_Wait
   _I2C_Stop
     _I2C_Wait
   _delay_ms
   _init_I2C_Master

 Address spaces:
Name               Size   Autos  Total    Cost      Usage
BITCOMMON            E      0       0       0        0.0%
EEDATA             100      0       0       0        0.0%
NULL                 0      0       0       0        0.0%
CODE                 0      0       0       0        0.0%
COMMON               E      6       6       1       42.9%
BITSFR0              0      0       0       1        0.0%
SFR0                 0      0       0       1        0.0%
BITSFR1              0      0       0       2        0.0%
SFR1                 0      0       0       2        0.0%
STACK                0      0       0       2        0.0%
ABS                  0      0       0       3        0.0%
BITBANK0            50      0       0       4        0.0%
BITSFR3              0      0       0       4        0.0%
SFR3                 0      0       0       4        0.0%
BANK0               50      0       0       5        0.0%
BITSFR2              0      0       0       5        0.0%
SFR2                 0      0       0       5        0.0%
BITBANK1            50      0       0       6        0.0%
BANK1               50      0       0       7        0.0%
BITBANK3            60      0       0       8        0.0%
BANK3               60      0       0       9        0.0%
BITBANK2            60      0       0      10        0.0%
BANK2               60      0       0      11        0.0%
DATA                 0      0       0      12        0.0%


Microchip Technology PIC Macro Assembler V1.33 build 59893 
Symbol Table                                                                                   Tue Mar 28 11:42:45 2023

      __size_of_I2C_Start 0007               __CFG_CP$OFF 0000                        l37 0784  
                      u60 077C                        u55 078A                       l530 073C  
                     l542 0795                       l544 07A2                       l590 07B8  
                     l576 077F                       _PEN 048A              __CFG_CPD$OFF 0000  
                     _SEN 0488      __size_of_I2C_Receive 0026              __CFG_FOSC$XT 0000  
            __CFG_LVP$OFF 0000                      _RCEN 048B                      _RSEN 0489  
            __CFG_WRT$OFF 0000                      _main 07A9          __end_of_I2C_Send 074D  
                    btemp 007E          __end_of_I2C_Wait 0744          __end_of_I2C_Stop 073C  
           __CFG_BOREN$ON 0000                      ltemp 007E                      start 0000  
                    ttemp 007E                      wtemp 007E                     ?_main 0070  
                   _ACKEN 048C                     _ACKDT 048D             __CFG_WDTE$OFF 0000  
                   _PORTB 0006                     _PORTD 0008                     _TRISB 0086  
                   _TRISD 0088             __CFG_PWRTE$ON 0000         __end_of_I2C_Start 0735  
                   ltemp0 007E                     ltemp1 0082                     ltemp2 0086  
                   ltemp3 0080                     ttemp0 007E                     ttemp1 0081  
                   ttemp2 0084                     ttemp3 0087                     ttemp4 007F  
                   status 0003                     wtemp0 007E                     wtemp1 0080  
                   wtemp2 0082                     wtemp3 0084                     wtemp4 0086  
                   wtemp5 0088                     wtemp6 007F           __initialization 07FC  
            __end_of_main 07FC                    ??_main 0076                    _SSPADD 0093  
                  _TRISC3 043B                    _TRISC4 043C                    _SSPCON 0014  
                  _SSPBUF 0013          __end_of_delay_ms 07A9  __size_of_init_I2C_Master 000F  
               ?_I2C_Send 0070                 ?_I2C_Wait 0070                 ?_I2C_Stop 0070  
 __end_of__initialization 07FC            __pcstackCOMMON 0070                ??_I2C_Send 0070  
              ??_I2C_Wait 0070                ??_I2C_Stop 0070                __pmaintext 07A9  
           ??_I2C_Receive 0070              I2C_Send@data 0070         ??_init_I2C_Master 0070  
               ?_delay_ms 0070                   _SSPCON2 0091                   _SSPSTAT 0094  
        delay_ms@ms_Count 0070                 _I2C_Start 072E            I2C_Receive@ack 0071  
                 __ptext0 0000                   __ptext1 074D                   __ptext2 0782  
                 __ptext3 0735                   __ptext4 072E                   __ptext5 0744  
                 __ptext6 075C                   __ptext7 073C                ??_delay_ms 0072  
     __end_of_I2C_Receive 0782      end_of_initialization 07FC                ?_I2C_Start 0070  
       __size_of_I2C_Send 0009         __size_of_I2C_Wait 0008         __size_of_I2C_Stop 0007  
             _I2C_Receive 075C       start_initialization 07FC               ??_I2C_Start 0070  
         _init_I2C_Master 074D                 ___latbits 0002         __size_of_delay_ms 0027  
                _I2C_Send 0744                  _I2C_Wait 073C                  _I2C_Stop 0735  
               delay_ms@i 0072                 delay_ms@j 0074   __end_of_init_I2C_Master 075C  
         I2C_Receive@temp 0072              ?_I2C_Receive 0070                  _delay_ms 0782  
           __size_of_main 0053          ?_init_I2C_Master 0070  
