

Microchip Technology PIC LITE Macro Assembler V1.33 build 59893 
                                                                                               Tue Mar 28 11:44:06 2023

Microchip Technology Omniscient Code Generator (Lite mode) build 59893
     1                           	processor	16F877A
     2                           	opt	pw 120
     3                           	opt	lm
     4                           	psect	text0,local,class=CODE,merge=1,delta=2
     5                           	psect	cinit,global,class=CODE,merge=1,delta=2
     6                           	psect	cstackCOMMON,global,class=COMMON,space=1,delta=1
     7                           	psect	maintext,global,class=CODE,split=1,delta=2
     8                           	psect	text1,local,class=CODE,merge=1,delta=2
     9                           	psect	text2,local,class=CODE,merge=1,delta=2
    10                           	psect	intentry,global,class=CODE,delta=2
    11                           	dabs	1,0x7E,2
    12  0000                     	;# 
    13  0001                     	;# 
    14  0002                     	;# 
    15  0003                     	;# 
    16  0004                     	;# 
    17  0005                     	;# 
    18  0006                     	;# 
    19  0007                     	;# 
    20  0008                     	;# 
    21  0009                     	;# 
    22  000A                     	;# 
    23  000B                     	;# 
    24  000C                     	;# 
    25  000D                     	;# 
    26  000E                     	;# 
    27  000E                     	;# 
    28  000F                     	;# 
    29  0010                     	;# 
    30  0011                     	;# 
    31  0012                     	;# 
    32  0013                     	;# 
    33  0014                     	;# 
    34  0015                     	;# 
    35  0015                     	;# 
    36  0016                     	;# 
    37  0017                     	;# 
    38  0018                     	;# 
    39  0019                     	;# 
    40  001A                     	;# 
    41  001B                     	;# 
    42  001B                     	;# 
    43  001C                     	;# 
    44  001D                     	;# 
    45  001E                     	;# 
    46  001F                     	;# 
    47  0081                     	;# 
    48  0085                     	;# 
    49  0086                     	;# 
    50  0087                     	;# 
    51  0088                     	;# 
    52  0089                     	;# 
    53  008C                     	;# 
    54  008D                     	;# 
    55  008E                     	;# 
    56  0091                     	;# 
    57  0092                     	;# 
    58  0093                     	;# 
    59  0094                     	;# 
    60  0098                     	;# 
    61  0099                     	;# 
    62  009C                     	;# 
    63  009D                     	;# 
    64  009E                     	;# 
    65  009F                     	;# 
    66  010C                     	;# 
    67  010D                     	;# 
    68  010E                     	;# 
    69  010F                     	;# 
    70  018C                     	;# 
    71  018D                     	;# 
    72  0006                     _PORTB	set	6
    73  0008                     _PORTD	set	8
    74  0013                     _SSPBUF	set	19
    75  0014                     _SSPCON	set	20
    76  00A4                     _CKP	set	164
    77  005F                     _GIE	set	95
    78  005E                     _PEIE	set	94
    79  0063                     _SSPIF	set	99
    80  00A6                     _SSPOV	set	166
    81  00A7                     _WCOL	set	167
    82  0093                     _SSPADD	set	147
    83  0091                     _SSPCON2	set	145
    84  0094                     _SSPSTAT	set	148
    85  0094                     _SSPSTATbits	set	148
    86  0086                     _TRISB	set	134
    87  0088                     _TRISD	set	136
    88  04A0                     _BF	set	1184
    89  0463                     _SSPIE	set	1123
    90  043B                     _TRISC3	set	1083
    91  043C                     _TRISC4	set	1084
    92                           
    93                           	psect	text0
    94  0000                     __ptext0:	
    95                           ; #config settings
    96                           
    97                           
    98                           ;psect for function _ISR
    99  0000                     
   100                           	psect	cinit
   101  0015                     start_initialization:	
   102  0015                     __initialization:	
   103  0015                     end_of_initialization:	
   104                           ;End of C runtime variable initialization code
   105                           
   106  0015                     __end_of__initialization:	
   107  0015  0183               	clrf	3
   108  0016  120A  118A  2874   	ljmp	_main	;jump to C main() function
   109                           
   110                           	psect	cstackCOMMON
   111  0070                     __pcstackCOMMON:	
   112  0070                     ?_init_I2C_Slave:	
   113  0070                     ?_ISR:	
   114                           ; 0 bytes @ 0x0
   115                           
   116  0070                     ??_ISR:	
   117                           ; 0 bytes @ 0x0
   118                           
   119  0070                     ?_main:	
   120                           ; 0 bytes @ 0x0
   121                           
   122                           
   123                           ; 0 bytes @ 0x0
   124  0070                     	ds	5
   125  0075                     ISR@temp:	
   126                           
   127                           ; 1 bytes @ 0x5
   128  0075                     	ds	1
   129  0076                     ??_init_I2C_Slave:	
   130  0076                     init_I2C_Slave@slave_add:	
   131                           ; 0 bytes @ 0x6
   132                           
   133                           
   134                           ; 1 bytes @ 0x6
   135  0076                     	ds	1
   136  0077                     ??_main:	
   137                           
   138                           	psect	maintext
   139  0074                     __pmaintext:	
   140                           ; 0 bytes @ 0x7
   141 ;;
   142 ;;Main: autosize = 0, tempsize = 0, incstack = 0, save=0
   143 ;;
   144 ;; *************** function _main *****************
   145 ;; Defined at:
   146 ;;		line 68 in file "D:\JinBus\CpE 3201\Practical Activity #7\CpE 3201-LE7-2\dumalaganDa_LE7-2-S.c"
   147 ;; Parameters:    Size  Location     Type
   148 ;;		None
   149 ;; Auto vars:     Size  Location     Type
   150 ;;		None
   151 ;; Return value:  Size  Location     Type
   152 ;;		None               void
   153 ;; Registers used:
   154 ;;		wreg, status,2, status,0, pclath, cstack
   155 ;; Tracked objects:
   156 ;;		On entry : 17F/0
   157 ;;		On exit  : 0/0
   158 ;;		Unchanged: 0/0
   159 ;; Data sizes:     COMMON   BANK0   BANK1   BANK3   BANK2
   160 ;;      Params:         0       0       0       0       0
   161 ;;      Locals:         0       0       0       0       0
   162 ;;      Temps:          0       0       0       0       0
   163 ;;      Totals:         0       0       0       0       0
   164 ;;Total ram usage:        0 bytes
   165 ;; Hardware stack levels required when called:    2
   166 ;; This function calls:
   167 ;;		_init_I2C_Slave
   168 ;; This function is called by:
   169 ;;		Startup code after reset
   170 ;; This function uses a non-reentrant model
   171 ;;
   172                           
   173                           
   174                           ;psect for function _main
   175  0074                     _main:	
   176                           
   177                           ;dumalaganDa_LE7-2-S.c: 69: TRISB = 0x00;
   178                           
   179                           ;incstack = 0
   180                           ; Regs used in _main: [wreg+status,2+status,0+pclath+cstack]
   181  0074  1683               	bsf	3,5	;RP0=1, select bank1
   182  0075  1303               	bcf	3,6	;RP1=0, select bank1
   183  0076  0186               	clrf	6	;volatile
   184                           
   185                           ;dumalaganDa_LE7-2-S.c: 70: PORTB = 0x00;
   186  0077  1283               	bcf	3,5	;RP0=0, select bank0
   187  0078  1303               	bcf	3,6	;RP1=0, select bank0
   188  0079  0186               	clrf	6	;volatile
   189                           
   190                           ;dumalaganDa_LE7-2-S.c: 71: TRISD = 0xFF;
   191  007A  30FF               	movlw	255
   192  007B  1683               	bsf	3,5	;RP0=1, select bank1
   193  007C  1303               	bcf	3,6	;RP1=0, select bank1
   194  007D  0088               	movwf	8	;volatile
   195                           
   196                           ;dumalaganDa_LE7-2-S.c: 72: init_I2C_Slave(0x10);
   197  007E  3010               	movlw	16
   198  007F  120A  118A  205C  120A  118A  	fcall	_init_I2C_Slave
   199  0084                     l69:	
   200                           ;dumalaganDa_LE7-2-S.c: 73: for(;;) {
   201                           
   202                           
   203                           ;dumalaganDa_LE7-2-S.c: 74: }
   204  0084  2884               	goto	l69
   205  0085                     __end_of_main:	
   206                           
   207                           	psect	text1
   208  005C                     __ptext1:	
   209 ;; *************** function _init_I2C_Slave *****************
   210 ;; Defined at:
   211 ;;		line 22 in file "D:\JinBus\CpE 3201\Practical Activity #7\CpE 3201-LE7-2\dumalaganDa_LE7-2-S.c"
   212 ;; Parameters:    Size  Location     Type
   213 ;;  slave_add       1    wreg     unsigned char 
   214 ;; Auto vars:     Size  Location     Type
   215 ;;  slave_add       1    6[COMMON] unsigned char 
   216 ;; Return value:  Size  Location     Type
   217 ;;		None               void
   218 ;; Registers used:
   219 ;;		wreg
   220 ;; Tracked objects:
   221 ;;		On entry : 0/0
   222 ;;		On exit  : 0/0
   223 ;;		Unchanged: 0/0
   224 ;; Data sizes:     COMMON   BANK0   BANK1   BANK3   BANK2
   225 ;;      Params:         0       0       0       0       0
   226 ;;      Locals:         1       0       0       0       0
   227 ;;      Temps:          0       0       0       0       0
   228 ;;      Totals:         1       0       0       0       0
   229 ;;Total ram usage:        1 bytes
   230 ;; Hardware stack levels used:    1
   231 ;; Hardware stack levels required when called:    1
   232 ;; This function calls:
   233 ;;		Nothing
   234 ;; This function is called by:
   235 ;;		_main
   236 ;; This function uses a non-reentrant model
   237 ;;
   238                           
   239                           
   240                           ;psect for function _init_I2C_Slave
   241  005C                     _init_I2C_Slave:	
   242                           
   243                           ;incstack = 0
   244                           ; Regs used in _init_I2C_Slave: [wreg]
   245                           ;init_I2C_Slave@slave_add stored from wreg
   246  005C  00F6               	movwf	init_I2C_Slave@slave_add
   247                           
   248                           ;dumalaganDa_LE7-2-S.c: 23: TRISC3 = 1;
   249  005D  1683               	bsf	3,5	;RP0=1, select bank1
   250  005E  1303               	bcf	3,6	;RP1=0, select bank1
   251  005F  1587               	bsf	7,3	;volatile
   252                           
   253                           ;dumalaganDa_LE7-2-S.c: 24: TRISC4 = 1;
   254  0060  1607               	bsf	7,4	;volatile
   255                           
   256                           ;dumalaganDa_LE7-2-S.c: 25: SSPCON = 0x36;
   257  0061  3036               	movlw	54
   258  0062  1283               	bcf	3,5	;RP0=0, select bank0
   259  0063  1303               	bcf	3,6	;RP1=0, select bank0
   260  0064  0094               	movwf	20	;volatile
   261                           
   262                           ;dumalaganDa_LE7-2-S.c: 27: SSPCON2 = 0x01;
   263  0065  3001               	movlw	1
   264  0066  1683               	bsf	3,5	;RP0=1, select bank1
   265  0067  1303               	bcf	3,6	;RP1=0, select bank1
   266  0068  0091               	movwf	17	;volatile
   267                           
   268                           ;dumalaganDa_LE7-2-S.c: 29: SSPSTAT = 0x80;
   269  0069  3080               	movlw	128
   270  006A  0094               	movwf	20	;volatile
   271                           
   272                           ;dumalaganDa_LE7-2-S.c: 30: SSPADD = slave_add;
   273  006B  0876               	movf	init_I2C_Slave@slave_add,w
   274  006C  0093               	movwf	19	;volatile
   275                           
   276                           ;dumalaganDa_LE7-2-S.c: 31: SSPIE = 1;
   277  006D  158C               	bsf	12,3	;volatile
   278                           
   279                           ;dumalaganDa_LE7-2-S.c: 32: SSPIF = 0;
   280  006E  1283               	bcf	3,5	;RP0=0, select bank0
   281  006F  1303               	bcf	3,6	;RP1=0, select bank0
   282  0070  118C               	bcf	12,3	;volatile
   283                           
   284                           ;dumalaganDa_LE7-2-S.c: 33: PEIE = 1;
   285  0071  170B               	bsf	11,6	;volatile
   286                           
   287                           ;dumalaganDa_LE7-2-S.c: 34: GIE = 1;
   288  0072  178B               	bsf	11,7	;volatile
   289  0073  0008               	return
   290  0074                     __end_of_init_I2C_Slave:	
   291                           
   292                           	psect	text2
   293  0019                     __ptext2:	
   294 ;; *************** function _ISR *****************
   295 ;; Defined at:
   296 ;;		line 37 in file "D:\JinBus\CpE 3201\Practical Activity #7\CpE 3201-LE7-2\dumalaganDa_LE7-2-S.c"
   297 ;; Parameters:    Size  Location     Type
   298 ;;		None
   299 ;; Auto vars:     Size  Location     Type
   300 ;;  temp            1    5[COMMON] unsigned char 
   301 ;; Return value:  Size  Location     Type
   302 ;;		None               void
   303 ;; Registers used:
   304 ;;		wreg
   305 ;; Tracked objects:
   306 ;;		On entry : 0/0
   307 ;;		On exit  : 0/0
   308 ;;		Unchanged: 0/0
   309 ;; Data sizes:     COMMON   BANK0   BANK1   BANK3   BANK2
   310 ;;      Params:         0       0       0       0       0
   311 ;;      Locals:         1       0       0       0       0
   312 ;;      Temps:          5       0       0       0       0
   313 ;;      Totals:         6       0       0       0       0
   314 ;;Total ram usage:        6 bytes
   315 ;; Hardware stack levels used:    1
   316 ;; This function calls:
   317 ;;		Nothing
   318 ;; This function is called by:
   319 ;;		Interrupt level 1
   320 ;; This function uses a non-reentrant model
   321 ;;
   322                           
   323                           
   324                           ;psect for function _ISR
   325  0019                     _ISR:	
   326                           
   327                           ;dumalaganDa_LE7-2-S.c: 38: unsigned char temp;
   328                           ;dumalaganDa_LE7-2-S.c: 39: CKP = 0;
   329  0019  1214               	bcf	20,4	;volatile
   330                           
   331                           ;dumalaganDa_LE7-2-S.c: 40: if(WCOL || SSPOV) {
   332  001A  1B94               	btfsc	20,7	;volatile
   333  001B  281E               	goto	i1l556
   334  001C  1F14               	btfss	20,6	;volatile
   335  001D  2825               	goto	i1l564
   336  001E                     i1l556:	
   337                           
   338                           ;dumalaganDa_LE7-2-S.c: 41: temp = SSPBUF;
   339  001E  0813               	movf	19,w	;volatile
   340  001F  00F0               	movwf	??_ISR
   341  0020  0870               	movf	??_ISR,w
   342  0021  00F5               	movwf	ISR@temp
   343                           
   344                           ;dumalaganDa_LE7-2-S.c: 42: WCOL = 0;
   345  0022  1394               	bcf	20,7	;volatile
   346                           
   347                           ;dumalaganDa_LE7-2-S.c: 43: SSPOV = 0;
   348  0023  1314               	bcf	20,6	;volatile
   349                           
   350                           ;dumalaganDa_LE7-2-S.c: 44: CKP = 1;
   351  0024  1614               	bsf	20,4	;volatile
   352  0025                     i1l564:	
   353                           
   354                           ;dumalaganDa_LE7-2-S.c: 45: }
   355                           ;dumalaganDa_LE7-2-S.c: 47: if(!SSPSTATbits.D_nA && !SSPSTATbits.R_nW) {
   356  0025  1683               	bsf	3,5	;RP0=1, select bank1
   357  0026  1303               	bcf	3,6	;RP1=0, select bank1
   358  0027  1E94               	btfss	20,5	;volatile
   359  0028  1914               	btfsc	20,2	;volatile
   360  0029  283A               	goto	i1l57
   361                           
   362                           ;dumalaganDa_LE7-2-S.c: 48: temp = SSPBUF;
   363  002A  1283               	bcf	3,5	;RP0=0, select bank0
   364  002B  1303               	bcf	3,6	;RP1=0, select bank0
   365  002C  0813               	movf	19,w	;volatile
   366  002D  00F0               	movwf	??_ISR
   367  002E  0870               	movf	??_ISR,w
   368  002F  00F5               	movwf	ISR@temp
   369  0030                     i1l58:	
   370                           ;dumalaganDa_LE7-2-S.c: 49: while(!BF);
   371                           
   372  0030  1683               	bsf	3,5	;RP0=1, select bank1
   373  0031  1303               	bcf	3,6	;RP1=0, select bank1
   374  0032  1C14               	btfss	20,0	;volatile
   375  0033  2830               	goto	i1l58
   376                           
   377                           ;dumalaganDa_LE7-2-S.c: 52: PORTB = SSPBUF;
   378  0034  1283               	bcf	3,5	;RP0=0, select bank0
   379  0035  1303               	bcf	3,6	;RP1=0, select bank0
   380  0036  0813               	movf	19,w	;volatile
   381  0037  0086               	movwf	6	;volatile
   382                           
   383                           ;dumalaganDa_LE7-2-S.c: 53: CKP = 1;
   384  0038  1614               	bsf	20,4	;volatile
   385                           
   386                           ;dumalaganDa_LE7-2-S.c: 54: }
   387  0039  284F               	goto	i1l61
   388  003A                     i1l57:	
   389                           
   390                           ;dumalaganDa_LE7-2-S.c: 55: else if(!SSPSTATbits.D_nA && SSPSTATbits.R_nW) {
   391  003A  1E94               	btfss	20,5	;volatile
   392  003B  1D14               	btfss	20,2	;volatile
   393  003C  284F               	goto	i1l61
   394                           
   395                           ;dumalaganDa_LE7-2-S.c: 56: temp = SSPBUF;
   396  003D  1283               	bcf	3,5	;RP0=0, select bank0
   397  003E  1303               	bcf	3,6	;RP1=0, select bank0
   398  003F  0813               	movf	19,w	;volatile
   399  0040  00F0               	movwf	??_ISR
   400  0041  0870               	movf	??_ISR,w
   401  0042  00F5               	movwf	ISR@temp
   402                           
   403                           ;dumalaganDa_LE7-2-S.c: 57: BF = 0;
   404  0043  1683               	bsf	3,5	;RP0=1, select bank1
   405  0044  1303               	bcf	3,6	;RP1=0, select bank1
   406  0045  1014               	bcf	20,0	;volatile
   407                           
   408                           ;dumalaganDa_LE7-2-S.c: 60: SSPBUF = PORTD;
   409  0046  1283               	bcf	3,5	;RP0=0, select bank0
   410  0047  1303               	bcf	3,6	;RP1=0, select bank0
   411  0048  0808               	movf	8,w	;volatile
   412  0049  0093               	movwf	19	;volatile
   413                           
   414                           ;dumalaganDa_LE7-2-S.c: 61: CKP = 1;
   415  004A  1614               	bsf	20,4	;volatile
   416  004B                     i1l63:	
   417                           ;dumalaganDa_LE7-2-S.c: 62: while(BF);
   418                           
   419  004B  1683               	bsf	3,5	;RP0=1, select bank1
   420  004C  1303               	bcf	3,6	;RP1=0, select bank1
   421  004D  1814               	btfsc	20,0	;volatile
   422  004E  284B               	goto	i1l63
   423  004F                     i1l61:	
   424                           
   425                           ;dumalaganDa_LE7-2-S.c: 63: }
   426                           ;dumalaganDa_LE7-2-S.c: 64: SSPIF = 0;
   427  004F  1283               	bcf	3,5	;RP0=0, select bank0
   428  0050  118C               	bcf	12,3	;volatile
   429  0051  0874               	movf	??_ISR+4,w
   430  0052  00FF               	movwf	127
   431  0053  0873               	movf	??_ISR+3,w
   432  0054  008A               	movwf	10
   433  0055  0872               	movf	??_ISR+2,w
   434  0056  0084               	movwf	4
   435  0057  0E71               	swapf	(??_ISR+1)^(0+-128),w
   436  0058  0083               	movwf	3
   437  0059  0EFE               	swapf	126,f
   438  005A  0E7E               	swapf	126,w
   439  005B  0009               	retfie
   440  005C                     __end_of_ISR:	
   441  007E                     btemp	set	126	;btemp
   442  007E                     wtemp	set	126
   443  007E                     wtemp0	set	126
   444  0080                     wtemp1	set	128
   445  0082                     wtemp2	set	130
   446  0084                     wtemp3	set	132
   447  0086                     wtemp4	set	134
   448  0088                     wtemp5	set	136
   449  007F                     wtemp6	set	127
   450  007E                     ttemp	set	126
   451  007E                     ttemp0	set	126
   452  0081                     ttemp1	set	129
   453  0084                     ttemp2	set	132
   454  0087                     ttemp3	set	135
   455  007F                     ttemp4	set	127
   456  007E                     ltemp	set	126
   457  007E                     ltemp0	set	126
   458  0082                     ltemp1	set	130
   459  0086                     ltemp2	set	134
   460  0080                     ltemp3	set	128
   461                           
   462                           	psect	intentry
   463  0004                     __pintentry:	
   464                           ;incstack = 0
   465                           ; Regs used in _ISR: [wreg]
   466                           
   467  0004                     interrupt_function:	
   468  007E                     saved_w	set	btemp
   469  0004  00FE               	movwf	btemp
   470  0005  0E03               	swapf	3,w
   471  0006  00F1               	movwf	??_ISR+1
   472  0007  0804               	movf	4,w
   473  0008  00F2               	movwf	??_ISR+2
   474  0009  080A               	movf	10,w
   475  000A  00F3               	movwf	??_ISR+3
   476  000B  1283               	bcf	3,5	;RP0=0, select bank0
   477  000C  1303               	bcf	3,6	;RP1=0, select bank0
   478  000D  087F               	movf	btemp+1,w
   479  000E  00F4               	movwf	??_ISR+4
   480  000F  120A  118A  2819   	ljmp	_ISR


Data Sizes:
    Strings     0
    Constant    0
    Data        0
    BSS         0
    Persistent  0
    Stack       0

Auto Spaces:
    Space          Size  Autos    Used
    COMMON           14      7       7
    BANK0            80      0       0
    BANK1            80      0       0
    BANK3            96      0       0
    BANK2            96      0       0

Pointer List with Targets:

    None.

Critical Paths under _main in COMMON

    _main->_init_I2C_Slave

Critical Paths under _ISR in COMMON

    None.

Critical Paths under _main in BANK0

    None.

Critical Paths under _ISR in BANK0

    None.

Critical Paths under _main in BANK1

    None.

Critical Paths under _ISR in BANK1

    None.

Critical Paths under _main in BANK3

    None.

Critical Paths under _ISR in BANK3

    None.

Critical Paths under _main in BANK2

    None.

Critical Paths under _ISR in BANK2

    None.

Call Graph Tables:

 ---------------------------------------------------------------------------------
 (Depth) Function   	        Calls       Base Space   Used Autos Params    Refs
 ---------------------------------------------------------------------------------
 (0) _main                                                 0     0      0      15
                     _init_I2C_Slave
 ---------------------------------------------------------------------------------
 (1) _init_I2C_Slave                                       1     1      0      15
                                              6 COMMON     1     1      0
 ---------------------------------------------------------------------------------
 Estimated maximum stack depth 1
 ---------------------------------------------------------------------------------
 (Depth) Function   	        Calls       Base Space   Used Autos Params    Refs
 ---------------------------------------------------------------------------------
 (2) _ISR                                                  6     6      0       0
                                              0 COMMON     6     6      0
 ---------------------------------------------------------------------------------
 Estimated maximum stack depth 2
 ---------------------------------------------------------------------------------

 Call Graph Graphs:

 _main (ROOT)
   _init_I2C_Slave

 _ISR (ROOT)

 Address spaces:
Name               Size   Autos  Total    Cost      Usage
BITCOMMON            E      0       0       0        0.0%
EEDATA             100      0       0       0        0.0%
NULL                 0      0       0       0        0.0%
CODE                 0      0       0       0        0.0%
COMMON               E      7       7       1       50.0%
BITSFR0              0      0       0       1        0.0%
SFR0                 0      0       0       1        0.0%
BITSFR1              0      0       0       2        0.0%
SFR1                 0      0       0       2        0.0%
STACK                0      0       0       2        0.0%
ABS                  0      0       0       3        0.0%
BITBANK0            50      0       0       4        0.0%
BITSFR3              0      0       0       4        0.0%
SFR3                 0      0       0       4        0.0%
BANK0               50      0       0       5        0.0%
BITSFR2              0      0       0       5        0.0%
SFR2                 0      0       0       5        0.0%
BITBANK1            50      0       0       6        0.0%
BANK1               50      0       0       7        0.0%
BITBANK3            60      0       0       8        0.0%
BANK3               60      0       0       9        0.0%
BITBANK2            60      0       0      10        0.0%
BANK2               60      0       0      11        0.0%
DATA                 0      0       0      12        0.0%


Microchip Technology PIC Macro Assembler V1.33 build 59893 
Symbol Table                                                                                   Tue Mar 28 11:44:06 2023

            __CFG_CP$OFF 0000              _SSPSTATbits 0094                       _BF 04A0  
                     l69 0084                      _CKP 00A4                      _GIE 005F  
           __CFG_CPD$OFF 0000                      _ISR 0019                      fsr0 0004  
           __CFG_FOSC$XT 0000             __CFG_LVP$OFF 0000                     ?_ISR 0070  
                   _PEIE 005E                     i1l61 004F                     i1l63 004B  
                   i1l57 003A                     i1l58 0030                     _WCOL 00A7  
           __CFG_WRT$OFF 0000                     _main 0074                     btemp 007E  
          __CFG_BOREN$ON 0000                     ltemp 007E                     start 0012  
                   ttemp 007E                     wtemp 007E                    ??_ISR 0070  
init_I2C_Slave@slave_add 0076                    ?_main 0070            __CFG_WDTE$OFF 0000  
                  i1l564 0025                    i1l556 001E                    _PORTB 0006  
                  _PORTD 0008                    _TRISB 0086                    _TRISD 0088  
                  _SSPIE 0463                    _SSPIF 0063                    _SSPOV 00A6  
          __CFG_PWRTE$ON 0000  __size_of_init_I2C_Slave 0018                    pclath 000A  
                  ltemp0 007E                    ltemp1 0082                    ltemp2 0086  
                  ltemp3 0080                    ttemp0 007E                    ttemp1 0081  
                  ttemp2 0084                    ttemp3 0087                    ttemp4 007F  
                  status 0003                    wtemp0 007E                    wtemp1 0080  
                  wtemp2 0082                    wtemp3 0084                    wtemp4 0086  
                  wtemp5 0088                    wtemp6 007F          __initialization 0015  
           __end_of_main 0085                   ??_main 0077                   _SSPADD 0093  
                 _TRISC3 043B                   _TRISC4 043C                   _SSPCON 0014  
                 _SSPBUF 0013                   saved_w 007E  __end_of__initialization 0015  
         __pcstackCOMMON 0070           _init_I2C_Slave 005C                  ISR@temp 0075  
             __pmaintext 0074               __pintentry 0004   __end_of_init_I2C_Slave 0074  
                _SSPCON2 0091                  _SSPSTAT 0094                  __ptext0 0000  
                __ptext1 005C                  __ptext2 0019             __size_of_ISR 0043  
        ?_init_I2C_Slave 0070     end_of_initialization 0015      start_initialization 0015  
            __end_of_ISR 005C                ___latbits 0002         ??_init_I2C_Slave 0076  
      interrupt_function 0004            __size_of_main 0011                 intlevel1 0000  
