

Microchip Technology PIC LITE Macro Assembler V1.33 build 59893 
                                                                                               Thu Mar 23 10:55:48 2023

Microchip Technology Omniscient Code Generator (Lite mode) build 59893
     1                           	processor	16F877A
     2                           	opt	pw 120
     3                           	opt	lm
     4                           	psect	maintext,global,class=CODE,split=1,delta=2
     5                           	psect	cinit,global,class=CODE,merge=1,delta=2
     6                           	psect	cstackCOMMON,global,class=COMMON,space=1,delta=1
     7                           	dabs	1,0x7E,2
     8  0000                     	;# 
     9  0001                     	;# 
    10  0002                     	;# 
    11  0003                     	;# 
    12  0004                     	;# 
    13  0005                     	;# 
    14  0006                     	;# 
    15  0007                     	;# 
    16  0008                     	;# 
    17  0009                     	;# 
    18  000A                     	;# 
    19  000B                     	;# 
    20  000C                     	;# 
    21  000D                     	;# 
    22  000E                     	;# 
    23  000E                     	;# 
    24  000F                     	;# 
    25  0010                     	;# 
    26  0011                     	;# 
    27  0012                     	;# 
    28  0013                     	;# 
    29  0014                     	;# 
    30  0015                     	;# 
    31  0015                     	;# 
    32  0016                     	;# 
    33  0017                     	;# 
    34  0018                     	;# 
    35  0019                     	;# 
    36  001A                     	;# 
    37  001B                     	;# 
    38  001B                     	;# 
    39  001C                     	;# 
    40  001D                     	;# 
    41  001E                     	;# 
    42  001F                     	;# 
    43  0081                     	;# 
    44  0085                     	;# 
    45  0086                     	;# 
    46  0087                     	;# 
    47  0088                     	;# 
    48  0089                     	;# 
    49  008C                     	;# 
    50  008D                     	;# 
    51  008E                     	;# 
    52  0091                     	;# 
    53  0092                     	;# 
    54  0093                     	;# 
    55  0094                     	;# 
    56  0098                     	;# 
    57  0099                     	;# 
    58  009C                     	;# 
    59  009D                     	;# 
    60  009E                     	;# 
    61  009F                     	;# 
    62  010C                     	;# 
    63  010D                     	;# 
    64  010E                     	;# 
    65  010F                     	;# 
    66  018C                     	;# 
    67  018D                     	;# 
    68  0019                     _TXREG	set	25
    69  00C7                     _SPEN	set	199
    70  0099                     _SPBRG	set	153
    71  04C2                     _BRGH	set	1218
    72  04C4                     _SYNC	set	1220
    73  04C1                     _TRMT	set	1217
    74  04C6                     _TX9	set	1222
    75  04C5                     _TXEN	set	1221
    76                           
    77                           	psect	maintext
    78  07E6                     __pmaintext:	
    79                           ; #config settings
    80                           
    81                           
    82                           ;psect for function _main
    83  0000                     
    84                           ; 0 bytes @ 0x0
    85 ;;
    86 ;;Main: autosize = 0, tempsize = 0, incstack = 0, save=0
    87 ;;
    88 ;; *************** function _main *****************
    89 ;; Defined at:
    90 ;;		line 15 in file "D:\JinBus\CpE 3201\Practical Activity #6\CpE 3201-LE6-1\dumalaganDa_LE6-1.c"
    91 ;; Parameters:    Size  Location     Type
    92 ;;		None
    93 ;; Auto vars:     Size  Location     Type
    94 ;;		None
    95 ;; Return value:  Size  Location     Type
    96 ;;		None               void
    97 ;; Registers used:
    98 ;;		wreg
    99 ;; Tracked objects:
   100 ;;		On entry : 17F/0
   101 ;;		On exit  : 0/0
   102 ;;		Unchanged: 0/0
   103 ;; Data sizes:     COMMON   BANK0   BANK1   BANK3   BANK2
   104 ;;      Params:         0       0       0       0       0
   105 ;;      Locals:         0       0       0       0       0
   106 ;;      Temps:          0       0       0       0       0
   107 ;;      Totals:         0       0       0       0       0
   108 ;;Total ram usage:        0 bytes
   109 ;; This function calls:
   110 ;;		Nothing
   111 ;; This function is called by:
   112 ;;		Startup code after reset
   113 ;; This function uses a non-reentrant model
   114 ;;
   115  07E6                     _main:	
   116                           
   117                           ;dumalaganDa_LE6-1.c: 16: SPBRG = 0x19;
   118                           
   119                           ;incstack = 0
   120                           ; Regs used in _main: [wreg]
   121  07E6  3019               	movlw	25
   122  07E7  1683               	bsf	3,5	;RP0=1, select bank1
   123  07E8  1303               	bcf	3,6	;RP1=0, select bank1
   124  07E9  0099               	movwf	25	;volatile
   125                           
   126                           ;dumalaganDa_LE6-1.c: 18: SYNC = 0;
   127  07EA  1218               	bcf	24,4	;volatile
   128                           
   129                           ;dumalaganDa_LE6-1.c: 19: SPEN = 1;
   130  07EB  1283               	bcf	3,5	;RP0=0, select bank0
   131  07EC  1303               	bcf	3,6	;RP1=0, select bank0
   132  07ED  1798               	bsf	24,7	;volatile
   133                           
   134                           ;dumalaganDa_LE6-1.c: 20: TX9 = 0;
   135  07EE  1683               	bsf	3,5	;RP0=1, select bank1
   136  07EF  1303               	bcf	3,6	;RP1=0, select bank1
   137  07F0  1318               	bcf	24,6	;volatile
   138                           
   139                           ;dumalaganDa_LE6-1.c: 21: BRGH = 1;
   140  07F1  1518               	bsf	24,2	;volatile
   141                           
   142                           ;dumalaganDa_LE6-1.c: 22: TXEN = 1;
   143  07F2  1698               	bsf	24,5	;volatile
   144  07F3                     l20:	
   145                           ;dumalaganDa_LE6-1.c: 25: while(!TRMT);
   146                           
   147                           ;dumalaganDa_LE6-1.c: 24: for(;;) {
   148                           
   149  07F3  1683               	bsf	3,5	;RP0=1, select bank1
   150  07F4  1303               	bcf	3,6	;RP1=0, select bank1
   151  07F5  1C98               	btfss	24,1	;volatile
   152  07F6  2FF3               	goto	l20
   153                           
   154                           ;dumalaganDa_LE6-1.c: 26: TXREG = 'A';
   155  07F7  3041               	movlw	65
   156  07F8  1283               	bcf	3,5	;RP0=0, select bank0
   157  07F9  1303               	bcf	3,6	;RP1=0, select bank0
   158  07FA  0099               	movwf	25	;volatile
   159                           
   160                           ;dumalaganDa_LE6-1.c: 27: }
   161  07FB  2FF3               	goto	l20
   162  07FC                     __end_of_main:	
   163  007E                     btemp	set	126	;btemp
   164  007E                     wtemp	set	126
   165  007E                     wtemp0	set	126
   166  0080                     wtemp1	set	128
   167  0082                     wtemp2	set	130
   168  0084                     wtemp3	set	132
   169  0086                     wtemp4	set	134
   170  0088                     wtemp5	set	136
   171  007F                     wtemp6	set	127
   172  007E                     ttemp	set	126
   173  007E                     ttemp0	set	126
   174  0081                     ttemp1	set	129
   175  0084                     ttemp2	set	132
   176  0087                     ttemp3	set	135
   177  007F                     ttemp4	set	127
   178  007E                     ltemp	set	126
   179  007E                     ltemp0	set	126
   180  0082                     ltemp1	set	130
   181  0086                     ltemp2	set	134
   182  0080                     ltemp3	set	128
   183                           
   184                           	psect	cinit
   185  07FC                     start_initialization:	
   186  07FC                     __initialization:	
   187  07FC                     end_of_initialization:	
   188                           ;End of C runtime variable initialization code
   189                           
   190  07FC                     __end_of__initialization:	
   191  07FC  0183               	clrf	3
   192  07FD  120A  118A  2FE6   	ljmp	_main	;jump to C main() function
   193                           
   194                           	psect	cstackCOMMON
   195  0000                     __pcstackCOMMON:	
   196  0000                     ?_main:	
   197  0000                     ??_main:	
   198                           ; 0 bytes @ 0x0
   199                           


Data Sizes:
    Strings     0
    Constant    0
    Data        0
    BSS         0
    Persistent  0
    Stack       0

Auto Spaces:
    Space          Size  Autos    Used
    COMMON           14      0       0
    BANK0            80      0       0
    BANK1            80      0       0
    BANK3            96      0       0
    BANK2            96      0       0

Pointer List with Targets:

    None.

Critical Paths under _main in COMMON

    None.

Critical Paths under _main in BANK0

    None.

Critical Paths under _main in BANK1

    None.

Critical Paths under _main in BANK3

    None.

Critical Paths under _main in BANK2

    None.

Call Graph Tables:

 ---------------------------------------------------------------------------------
 (Depth) Function   	        Calls       Base Space   Used Autos Params    Refs
 ---------------------------------------------------------------------------------
 (0) _main                                                 0     0      0       0
 ---------------------------------------------------------------------------------
 Estimated maximum stack depth 0
 ---------------------------------------------------------------------------------

 Call Graph Graphs:

 _main (ROOT)

 Address spaces:
Name               Size   Autos  Total    Cost      Usage
BITCOMMON            E      0       0       0        0.0%
EEDATA             100      0       0       0        0.0%
NULL                 0      0       0       0        0.0%
CODE                 0      0       0       0        0.0%
COMMON               E      0       0       1        0.0%
BITSFR0              0      0       0       1        0.0%
SFR0                 0      0       0       1        0.0%
BITSFR1              0      0       0       2        0.0%
SFR1                 0      0       0       2        0.0%
STACK                0      0       0       2        0.0%
ABS                  0      0       0       3        0.0%
BITBANK0            50      0       0       4        0.0%
BITSFR3              0      0       0       4        0.0%
SFR3                 0      0       0       4        0.0%
BANK0               50      0       0       5        0.0%
BITSFR2              0      0       0       5        0.0%
SFR2                 0      0       0       5        0.0%
BITBANK1            50      0       0       6        0.0%
BANK1               50      0       0       7        0.0%
BITBANK3            60      0       0       8        0.0%
BANK3               60      0       0       9        0.0%
BITBANK2            60      0       0      10        0.0%
BANK2               60      0       0      11        0.0%
DATA                 0      0       0      12        0.0%


Microchip Technology PIC Macro Assembler V1.33 build 59893 
Symbol Table                                                                                   Thu Mar 23 10:55:48 2023

            __CFG_CP$OFF 0000                       l20 07F3             __CFG_CPD$OFF 0000  
                    _TX9 04C6             __CFG_FOSC$XT 0000             __CFG_LVP$OFF 0000  
                   _BRGH 04C2                     _SPEN 00C7                     _TRMT 04C1  
                   _TXEN 04C5                     _SYNC 04C4             __CFG_WRT$OFF 0000  
                   _main 07E6                     btemp 007E            __CFG_BOREN$ON 0000  
                   ltemp 007E                     start 0000                     ttemp 007E  
                   wtemp 007E                    ?_main 0000            __CFG_WDTE$OFF 0000  
                  _SPBRG 0099                    _TXREG 0019            __CFG_PWRTE$ON 0000  
                  ltemp0 007E                    ltemp1 0082                    ltemp2 0086  
                  ltemp3 0080                    ttemp0 007E                    ttemp1 0081  
                  ttemp2 0084                    ttemp3 0087                    ttemp4 007F  
                  status 0003                    wtemp0 007E                    wtemp1 0080  
                  wtemp2 0082                    wtemp3 0084                    wtemp4 0086  
                  wtemp5 0088                    wtemp6 007F          __initialization 07FC  
           __end_of_main 07FC                   ??_main 0000  __end_of__initialization 07FC  
         __pcstackCOMMON 0000               __pmaintext 07E6     end_of_initialization 07FC  
    start_initialization 07FC                ___latbits 0002            __size_of_main 0016  
