

Microchip Technology PIC LITE Macro Assembler V1.33 build 59893 
                                                                                               Thu Mar 23 12:05:23 2023

Microchip Technology Omniscient Code Generator (Lite mode) build 59893
     1                           	processor	16F877A
     2                           	opt	pw 120
     3                           	opt	lm
     4                           	psect	idataBANK0,global,class=CODE,delta=2
     5                           	psect	cinit,global,class=CODE,merge=1,delta=2
     6                           	psect	dataBANK0,global,class=BANK0,space=1,delta=1
     7                           	psect	inittext,global,class=CODE,delta=2
     8                           	psect	cstackCOMMON,global,class=COMMON,space=1,delta=1
     9                           	psect	cstackBANK0,global,class=BANK0,space=1,delta=1
    10                           	psect	maintext,global,class=CODE,split=1,delta=2
    11                           	psect	text1,local,class=CODE,merge=1,delta=2
    12                           	psect	text2,local,class=CODE,merge=1,delta=2
    13                           	psect	text3,local,class=CODE,merge=1,delta=2
    14                           	dabs	1,0x7E,2
    15  0000                     	;# 
    16  0001                     	;# 
    17  0002                     	;# 
    18  0003                     	;# 
    19  0004                     	;# 
    20  0005                     	;# 
    21  0006                     	;# 
    22  0007                     	;# 
    23  0008                     	;# 
    24  0009                     	;# 
    25  000A                     	;# 
    26  000B                     	;# 
    27  000C                     	;# 
    28  000D                     	;# 
    29  000E                     	;# 
    30  000E                     	;# 
    31  000F                     	;# 
    32  0010                     	;# 
    33  0011                     	;# 
    34  0012                     	;# 
    35  0013                     	;# 
    36  0014                     	;# 
    37  0015                     	;# 
    38  0015                     	;# 
    39  0016                     	;# 
    40  0017                     	;# 
    41  0018                     	;# 
    42  0019                     	;# 
    43  001A                     	;# 
    44  001B                     	;# 
    45  001B                     	;# 
    46  001C                     	;# 
    47  001D                     	;# 
    48  001E                     	;# 
    49  001F                     	;# 
    50  0081                     	;# 
    51  0085                     	;# 
    52  0086                     	;# 
    53  0087                     	;# 
    54  0088                     	;# 
    55  0089                     	;# 
    56  008C                     	;# 
    57  008D                     	;# 
    58  008E                     	;# 
    59  0091                     	;# 
    60  0092                     	;# 
    61  0093                     	;# 
    62  0094                     	;# 
    63  0098                     	;# 
    64  0099                     	;# 
    65  009C                     	;# 
    66  009D                     	;# 
    67  009E                     	;# 
    68  009F                     	;# 
    69  010C                     	;# 
    70  010D                     	;# 
    71  010E                     	;# 
    72  010F                     	;# 
    73  018C                     	;# 
    74  018D                     	;# 
    75                           
    76                           	psect	idataBANK0
    77  06A2                     __pidataBANK0:	
    78                           
    79                           ;initializer for printString@F1251
    80  06A2  3459               	retlw	89
    81  06A3  346F               	retlw	111
    82  06A4  3475               	retlw	117
    83  06A5  3420               	retlw	32
    84  06A6  3470               	retlw	112
    85  06A7  3472               	retlw	114
    86  06A8  3465               	retlw	101
    87  06A9  3473               	retlw	115
    88  06AA  3473               	retlw	115
    89  06AB  3465               	retlw	101
    90  06AC  3464               	retlw	100
    91  06AD  3420               	retlw	32
    92  06AE  3400               	retlw	0
    93  0006                     _PORTB	set	6
    94  0019                     _TXREG	set	25
    95  0034                     _RB4	set	52
    96  00C7                     _SPEN	set	199
    97  0099                     _SPBRG	set	153
    98  04C2                     _BRGH	set	1218
    99  04C4                     _SYNC	set	1220
   100  04C1                     _TRMT	set	1217
   101  04C6                     _TX9	set	1222
   102  04C5                     _TXEN	set	1221
   103                           
   104                           ; #config settings
   105  0000                     
   106                           	psect	cinit
   107  07F0                     start_initialization:	
   108  07F0                     __initialization:	
   109                           
   110                           ; Initialize objects allocated to BANK0
   111  07F0  1383               	bcf	3,7	;select IRP bank0
   112  07F1  3040               	movlw	low (__pdataBANK0+13)
   113  07F2  00FD               	movwf	btemp+-1
   114  07F3  3006               	movlw	high __pidataBANK0
   115  07F4  00FE               	movwf	btemp
   116  07F5  30A2               	movlw	low __pidataBANK0
   117  07F6  00FF               	movwf	btemp+1
   118  07F7  3033               	movlw	low __pdataBANK0
   119  07F8  0084               	movwf	4
   120  07F9  120A  118A  26B3   	fcall	init_ram0
   121  07FC                     end_of_initialization:	
   122                           ;End of C runtime variable initialization code
   123                           
   124  07FC                     __end_of__initialization:	
   125  07FC  0183               	clrf	3
   126  07FD  120A  118A  2F63   	ljmp	_main	;jump to C main() function
   127                           
   128                           	psect	dataBANK0
   129  0033                     __pdataBANK0:	
   130  0033                     printString@F1251:	
   131  0033                     	ds	13
   132                           
   133                           	psect	inittext
   134  06AF                     init_fetch0:	
   135                           ;	Called with low address in FSR and high address in W
   136                           
   137  06AF  087E               	movf	126,w
   138  06B0  008A               	movwf	10
   139  06B1  087F               	movf	127,w
   140  06B2  0082               	movwf	2
   141  06B3                     init_ram0:	
   142                           ;Called with:
   143                           ;	high address of idata address in btemp 
   144                           ;	low address of idata address in btemp+1 
   145                           ;	low address of data in FSR
   146                           ;	high address + 1 of data in btemp-1
   147                           
   148  06B3  26AF  120A  118A   	fcall	init_fetch0
   149  06B6  0080               	movwf	0
   150  06B7  0A84               	incf	4,f
   151  06B8  0804               	movf	4,w
   152  06B9  067D               	xorwf	125,w
   153  06BA  1903               	btfsc	3,2
   154  06BB  3400               	retlw	0
   155  06BC  0AFF               	incf	127,f
   156  06BD  1903               	btfsc	3,2
   157  06BE  0AFE               	incf	126,f
   158  06BF  2EB3               	goto	init_ram0
   159                           
   160                           	psect	cstackCOMMON
   161  0070                     __pcstackCOMMON:	
   162  0070                     ?_printString:	
   163  0070                     ?_delay:	
   164                           ; 0 bytes @ 0x0
   165                           
   166  0070                     ?_main:	
   167                           ; 0 bytes @ 0x0
   168                           
   169  0070                     ?_strlen:	
   170                           ; 0 bytes @ 0x0
   171                           
   172  0070                     delay@ms_Count:	
   173                           ; 2 bytes @ 0x0
   174                           
   175                           
   176                           ; 2 bytes @ 0x0
   177  0070                     	ds	2
   178  0072                     ??_strlen:	
   179  0072                     ??_delay:	
   180                           ; 0 bytes @ 0x2
   181                           
   182  0072                     delay@i:	
   183                           ; 0 bytes @ 0x2
   184                           
   185                           
   186                           ; 2 bytes @ 0x2
   187  0072                     	ds	2
   188  0074                     delay@j:	
   189                           
   190                           ; 2 bytes @ 0x4
   191  0074                     	ds	2
   192  0076                     strlen@s:	
   193                           
   194                           ; 1 bytes @ 0x6
   195  0076                     	ds	1
   196  0077                     strlen@cp:	
   197                           
   198                           ; 1 bytes @ 0x7
   199  0077                     	ds	1
   200  0078                     ??_printString:	
   201                           
   202                           ; 0 bytes @ 0x8
   203  0078                     	ds	4
   204  007C                     ??_main:	
   205                           
   206                           ; 0 bytes @ 0xC
   207  007C                     	ds	1
   208                           
   209                           	psect	cstackBANK0
   210  0020                     __pcstackBANK0:	
   211  0020                     printString@msg:	
   212                           
   213                           ; 13 bytes @ 0x0
   214  0020                     	ds	13
   215  002D                     printString@keyPress:	
   216                           
   217                           ; 1 bytes @ 0xD
   218  002D                     	ds	1
   219  002E                     printString@i:	
   220                           
   221                           ; 2 bytes @ 0xE
   222  002E                     	ds	2
   223  0030                     main@x:	
   224                           
   225                           ; 2 bytes @ 0x10
   226  0030                     	ds	2
   227  0032                     main@VAL:	
   228                           
   229                           ; 1 bytes @ 0x12
   230  0032                     	ds	1
   231                           
   232                           	psect	maintext
   233  0763                     __pmaintext:	
   234 ;;
   235 ;;Main: autosize = 0, tempsize = 1, incstack = 0, save=0
   236 ;;
   237 ;; *************** function _main *****************
   238 ;; Defined at:
   239 ;;		line 25 in file "D:\JinBus\CpE 3201\Practical Activity #6\CpE 3201-LE6-3\dumalaganDa_LE6-3.c"
   240 ;; Parameters:    Size  Location     Type
   241 ;;		None
   242 ;; Auto vars:     Size  Location     Type
   243 ;;  x               2   16[BANK0 ] int 
   244 ;;  VAL             1   18[BANK0 ] unsigned char 
   245 ;; Return value:  Size  Location     Type
   246 ;;		None               void
   247 ;; Registers used:
   248 ;;		wreg, fsr0l, fsr0h, status,2, status,0, pclath, cstack
   249 ;; Tracked objects:
   250 ;;		On entry : 17F/0
   251 ;;		On exit  : 0/0
   252 ;;		Unchanged: 0/0
   253 ;; Data sizes:     COMMON   BANK0   BANK1   BANK3   BANK2
   254 ;;      Params:         0       0       0       0       0
   255 ;;      Locals:         0       3       0       0       0
   256 ;;      Temps:          1       0       0       0       0
   257 ;;      Totals:         1       3       0       0       0
   258 ;;Total ram usage:        4 bytes
   259 ;; Hardware stack levels required when called:    2
   260 ;; This function calls:
   261 ;;		_delay
   262 ;;		_printString
   263 ;; This function is called by:
   264 ;;		Startup code after reset
   265 ;; This function uses a non-reentrant model
   266 ;;
   267                           
   268                           
   269                           ;psect for function _main
   270  0763                     _main:	
   271                           
   272                           ;dumalaganDa_LE6-3.c: 26: SPBRG = 0x19;
   273                           
   274                           ;incstack = 0
   275                           ; Regs used in _main: [wreg-fsr0h+status,2+status,0+pclath+cstack]
   276  0763  3019               	movlw	25
   277  0764  1683               	bsf	3,5	;RP0=1, select bank1
   278  0765  1303               	bcf	3,6	;RP1=0, select bank1
   279  0766  0099               	movwf	25	;volatile
   280                           
   281                           ;dumalaganDa_LE6-3.c: 28: SYNC = 0;
   282  0767  1218               	bcf	24,4	;volatile
   283                           
   284                           ;dumalaganDa_LE6-3.c: 29: SPEN = 1;
   285  0768  1283               	bcf	3,5	;RP0=0, select bank0
   286  0769  1303               	bcf	3,6	;RP1=0, select bank0
   287  076A  1798               	bsf	24,7	;volatile
   288                           
   289                           ;dumalaganDa_LE6-3.c: 30: TX9 = 0;
   290  076B  1683               	bsf	3,5	;RP0=1, select bank1
   291  076C  1303               	bcf	3,6	;RP1=0, select bank1
   292  076D  1318               	bcf	24,6	;volatile
   293                           
   294                           ;dumalaganDa_LE6-3.c: 31: BRGH = 1;
   295  076E  1518               	bsf	24,2	;volatile
   296                           
   297                           ;dumalaganDa_LE6-3.c: 32: TXEN = 1;
   298  076F  1698               	bsf	24,5	;volatile
   299                           
   300                           ;dumalaganDa_LE6-3.c: 34: PORTB = 0xFF;
   301  0770  30FF               	movlw	255
   302  0771  1283               	bcf	3,5	;RP0=0, select bank0
   303  0772  1303               	bcf	3,6	;RP1=0, select bank0
   304  0773  0086               	movwf	6	;volatile
   305  0774                     l669:	
   306                           ;dumalaganDa_LE6-3.c: 35: unsigned char VAL;
   307                           ;dumalaganDa_LE6-3.c: 36: int x;
   308                           ;dumalaganDa_LE6-3.c: 38: for(;;) {
   309                           
   310                           
   311                           ;dumalaganDa_LE6-3.c: 39: delay(15);
   312  0774  300F               	movlw	15
   313  0775  00F0               	movwf	delay@ms_Count
   314  0776  3000               	movlw	0
   315  0777  00F1               	movwf	delay@ms_Count+1
   316  0778  120A  118A  26E6  120A  118A  	fcall	_delay
   317                           
   318                           ;dumalaganDa_LE6-3.c: 40: if(RB4 == 1) {
   319  077D  1283               	bcf	3,5	;RP0=0, select bank0
   320  077E  1303               	bcf	3,6	;RP1=0, select bank0
   321  077F  1E06               	btfss	6,4	;volatile
   322  0780  2F74               	goto	l669
   323                           
   324                           ;dumalaganDa_LE6-3.c: 41: VAL = PORTB & 0x0F;
   325  0781  0806               	movf	6,w	;volatile
   326  0782  390F               	andlw	15
   327  0783  00FC               	movwf	??_main
   328  0784  087C               	movf	??_main,w
   329  0785  00B2               	movwf	main@VAL
   330                           
   331                           ;dumalaganDa_LE6-3.c: 42: if(VAL == 0x00)
   332  0786  08B2               	movf	main@VAL,f
   333  0787  1D03               	skipz
   334  0788  2F8D               	goto	l37
   335                           
   336                           ;dumalaganDa_LE6-3.c: 43: x = 0x01;
   337  0789  3001               	movlw	1
   338  078A  00B0               	movwf	main@x
   339  078B  3000               	movlw	0
   340  078C  00B1               	movwf	main@x+1
   341  078D                     l37:	
   342                           
   343                           ;dumalaganDa_LE6-3.c: 44: if(VAL == 0x01)
   344  078D  0832               	movf	main@VAL,w
   345  078E  3A01               	xorlw	1
   346  078F  1D03               	skipz
   347  0790  2F95               	goto	l38
   348                           
   349                           ;dumalaganDa_LE6-3.c: 45: x = 0x02;
   350  0791  3002               	movlw	2
   351  0792  00B0               	movwf	main@x
   352  0793  3000               	movlw	0
   353  0794  00B1               	movwf	main@x+1
   354  0795                     l38:	
   355                           
   356                           ;dumalaganDa_LE6-3.c: 46: if(VAL == 0x02)
   357  0795  0832               	movf	main@VAL,w
   358  0796  3A02               	xorlw	2
   359  0797  1D03               	skipz
   360  0798  2F9D               	goto	l39
   361                           
   362                           ;dumalaganDa_LE6-3.c: 47: x = 0x03;
   363  0799  3003               	movlw	3
   364  079A  00B0               	movwf	main@x
   365  079B  3000               	movlw	0
   366  079C  00B1               	movwf	main@x+1
   367  079D                     l39:	
   368                           
   369                           ;dumalaganDa_LE6-3.c: 48: if(VAL == 0x04)
   370  079D  0832               	movf	main@VAL,w
   371  079E  3A04               	xorlw	4
   372  079F  1D03               	skipz
   373  07A0  2FA5               	goto	l40
   374                           
   375                           ;dumalaganDa_LE6-3.c: 49: x = 0x04;
   376  07A1  3004               	movlw	4
   377  07A2  00B0               	movwf	main@x
   378  07A3  3000               	movlw	0
   379  07A4  00B1               	movwf	main@x+1
   380  07A5                     l40:	
   381                           
   382                           ;dumalaganDa_LE6-3.c: 50: if(VAL == 0x05)
   383  07A5  0832               	movf	main@VAL,w
   384  07A6  3A05               	xorlw	5
   385  07A7  1D03               	skipz
   386  07A8  2FAD               	goto	l41
   387                           
   388                           ;dumalaganDa_LE6-3.c: 51: x = 0x05;
   389  07A9  3005               	movlw	5
   390  07AA  00B0               	movwf	main@x
   391  07AB  3000               	movlw	0
   392  07AC  00B1               	movwf	main@x+1
   393  07AD                     l41:	
   394                           
   395                           ;dumalaganDa_LE6-3.c: 52: if(VAL == 0x06)
   396  07AD  0832               	movf	main@VAL,w
   397  07AE  3A06               	xorlw	6
   398  07AF  1D03               	skipz
   399  07B0  2FB5               	goto	l42
   400                           
   401                           ;dumalaganDa_LE6-3.c: 53: x = 0x06;
   402  07B1  3006               	movlw	6
   403  07B2  00B0               	movwf	main@x
   404  07B3  3000               	movlw	0
   405  07B4  00B1               	movwf	main@x+1
   406  07B5                     l42:	
   407                           
   408                           ;dumalaganDa_LE6-3.c: 54: if(VAL == 0x08)
   409  07B5  0832               	movf	main@VAL,w
   410  07B6  3A08               	xorlw	8
   411  07B7  1D03               	skipz
   412  07B8  2FBD               	goto	l43
   413                           
   414                           ;dumalaganDa_LE6-3.c: 55: x = 0x07;
   415  07B9  3007               	movlw	7
   416  07BA  00B0               	movwf	main@x
   417  07BB  3000               	movlw	0
   418  07BC  00B1               	movwf	main@x+1
   419  07BD                     l43:	
   420                           
   421                           ;dumalaganDa_LE6-3.c: 56: if(VAL == 0x09)
   422  07BD  0832               	movf	main@VAL,w
   423  07BE  3A09               	xorlw	9
   424  07BF  1D03               	skipz
   425  07C0  2FC5               	goto	l44
   426                           
   427                           ;dumalaganDa_LE6-3.c: 57: x = 0x08;
   428  07C1  3008               	movlw	8
   429  07C2  00B0               	movwf	main@x
   430  07C3  3000               	movlw	0
   431  07C4  00B1               	movwf	main@x+1
   432  07C5                     l44:	
   433                           
   434                           ;dumalaganDa_LE6-3.c: 58: if(VAL == 0x0A)
   435  07C5  0832               	movf	main@VAL,w
   436  07C6  3A0A               	xorlw	10
   437  07C7  1D03               	skipz
   438  07C8  2FCD               	goto	l45
   439                           
   440                           ;dumalaganDa_LE6-3.c: 59: x = 0x09;
   441  07C9  3009               	movlw	9
   442  07CA  00B0               	movwf	main@x
   443  07CB  3000               	movlw	0
   444  07CC  00B1               	movwf	main@x+1
   445  07CD                     l45:	
   446                           
   447                           ;dumalaganDa_LE6-3.c: 60: if(VAL == 0x0D)
   448  07CD  0832               	movf	main@VAL,w
   449  07CE  3A0D               	xorlw	13
   450  07CF  1D03               	skipz
   451  07D0  2FD3               	goto	l697
   452                           
   453                           ;dumalaganDa_LE6-3.c: 61: x = 0x00;
   454  07D1  01B0               	clrf	main@x
   455  07D2  01B1               	clrf	main@x+1
   456  07D3                     l697:	
   457                           
   458                           ;dumalaganDa_LE6-3.c: 62: if(VAL == 0x0C)
   459  07D3  0832               	movf	main@VAL,w
   460  07D4  3A0C               	xorlw	12
   461  07D5  1D03               	skipz
   462  07D6  2FDB               	goto	l47
   463                           
   464                           ;dumalaganDa_LE6-3.c: 63: x = -6;
   465  07D7  30FA               	movlw	250
   466  07D8  00B0               	movwf	main@x
   467  07D9  30FF               	movlw	255
   468  07DA  00B1               	movwf	main@x+1
   469  07DB                     l47:	
   470                           
   471                           ;dumalaganDa_LE6-3.c: 64: if(VAL == 0x0E)
   472  07DB  0832               	movf	main@VAL,w
   473  07DC  3A0E               	xorlw	14
   474  07DD  1D03               	skipz
   475  07DE  2FE3               	goto	l48
   476                           
   477                           ;dumalaganDa_LE6-3.c: 65: x = -13;
   478  07DF  30F3               	movlw	243
   479  07E0  00B0               	movwf	main@x
   480  07E1  30FF               	movlw	255
   481  07E2  00B1               	movwf	main@x+1
   482  07E3                     l48:	
   483                           
   484                           ;dumalaganDa_LE6-3.c: 66: x += 48;
   485  07E3  3030               	movlw	48
   486  07E4  07B0               	addwf	main@x,f
   487  07E5  1803               	skipnc
   488  07E6  0AB1               	incf	main@x+1,f
   489  07E7  3000               	movlw	0
   490  07E8  07B1               	addwf	main@x+1,f
   491                           
   492                           ;dumalaganDa_LE6-3.c: 67: printString(x);
   493  07E9  0830               	movf	main@x,w
   494  07EA  120A  118A  270D  120A  118A  	fcall	_printString
   495                           
   496                           ;dumalaganDa_LE6-3.c: 68: }
   497                           ;dumalaganDa_LE6-3.c: 69: }
   498  07EF  2F74               	goto	l669
   499  07F0                     __end_of_main:	
   500                           
   501                           	psect	text1
   502  070D                     __ptext1:	
   503 ;; *************** function _printString *****************
   504 ;; Defined at:
   505 ;;		line 72 in file "D:\JinBus\CpE 3201\Practical Activity #6\CpE 3201-LE6-3\dumalaganDa_LE6-3.c"
   506 ;; Parameters:    Size  Location     Type
   507 ;;  keyPress        1    wreg     unsigned char 
   508 ;; Auto vars:     Size  Location     Type
   509 ;;  keyPress        1   13[BANK0 ] unsigned char 
   510 ;;  msg            13    0[BANK0 ] unsigned char [13]
   511 ;;  i               2   14[BANK0 ] int 
   512 ;; Return value:  Size  Location     Type
   513 ;;		None               void
   514 ;; Registers used:
   515 ;;		wreg, fsr0l, fsr0h, status,2, status,0, pclath, cstack
   516 ;; Tracked objects:
   517 ;;		On entry : 0/0
   518 ;;		On exit  : 0/0
   519 ;;		Unchanged: 0/0
   520 ;; Data sizes:     COMMON   BANK0   BANK1   BANK3   BANK2
   521 ;;      Params:         0       0       0       0       0
   522 ;;      Locals:         0      16       0       0       0
   523 ;;      Temps:          4       0       0       0       0
   524 ;;      Totals:         4      16       0       0       0
   525 ;;Total ram usage:       20 bytes
   526 ;; Hardware stack levels used:    1
   527 ;; Hardware stack levels required when called:    1
   528 ;; This function calls:
   529 ;;		_strlen
   530 ;; This function is called by:
   531 ;;		_main
   532 ;; This function uses a non-reentrant model
   533 ;;
   534                           
   535                           
   536                           ;psect for function _printString
   537  070D                     _printString:	
   538                           
   539                           ;incstack = 0
   540                           ; Regs used in _printString: [wreg-fsr0h+status,2+status,0+pclath+cstack]
   541                           ;printString@keyPress stored from wreg
   542  070D  1283               	bcf	3,5	;RP0=0, select bank0
   543  070E  1303               	bcf	3,6	;RP1=0, select bank0
   544  070F  00AD               	movwf	printString@keyPress
   545                           
   546                           ;dumalaganDa_LE6-3.c: 73: int i;
   547                           ;dumalaganDa_LE6-3.c: 74: char msg[] = "You pressed ";
   548  0710  3020               	movlw	printString@msg& (0+255)
   549  0711  0084               	movwf	4
   550  0712  3033               	movlw	low printString@F1251
   551  0713  00F8               	movwf	??_printString
   552  0714  0804               	movf	4,w
   553  0715  00F9               	movwf	??_printString+1
   554  0716  300D               	movlw	13
   555  0717  00FA               	movwf	??_printString+2
   556  0718                     u280:	
   557  0718  0878               	movf	??_printString,w
   558  0719  0084               	movwf	4
   559  071A  1383               	bcf	3,7	;select IRP bank0
   560  071B  0800               	movf	0,w
   561  071C  00FB               	movwf	??_printString+3
   562  071D  0AF8               	incf	??_printString,f
   563  071E  0879               	movf	??_printString+1,w
   564  071F  0084               	movwf	4
   565  0720  087B               	movf	??_printString+3,w
   566  0721  0080               	movwf	0
   567  0722  0AF9               	incf	??_printString+1,f
   568  0723  0BFA               	decfsz	??_printString+2,f
   569  0724  2F18               	goto	u280
   570                           
   571                           ;dumalaganDa_LE6-3.c: 75: for(i=0; i<strlen(msg); i++) {
   572  0725  01AE               	clrf	printString@i
   573  0726  01AF               	clrf	printString@i+1
   574  0727                     l649:	
   575  0727  3020               	movlw	printString@msg& (0+255)
   576  0728  120A  118A  26C0  120A  118A  	fcall	_strlen
   577  072D  0871               	movf	?_strlen+1,w
   578  072E  1283               	bcf	3,5	;RP0=0, select bank0
   579  072F  1303               	bcf	3,6	;RP1=0, select bank0
   580  0730  022F               	subwf	printString@i+1,w
   581  0731  1D03               	skipz
   582  0732  2F35               	goto	u305
   583  0733  0870               	movf	?_strlen,w
   584  0734  022E               	subwf	printString@i,w
   585  0735                     u305:	
   586  0735  1803               	btfsc	3,0
   587  0736  2F4A               	goto	l61
   588  0737                     l57:	
   589                           ;dumalaganDa_LE6-3.c: 76: while(!TRMT);
   590                           
   591  0737  1683               	bsf	3,5	;RP0=1, select bank1
   592  0738  1303               	bcf	3,6	;RP1=0, select bank1
   593  0739  1C98               	btfss	24,1	;volatile
   594  073A  2F37               	goto	l57
   595                           
   596                           ;dumalaganDa_LE6-3.c: 77: TXREG = msg[i];
   597  073B  1283               	bcf	3,5	;RP0=0, select bank0
   598  073C  1303               	bcf	3,6	;RP1=0, select bank0
   599  073D  082E               	movf	printString@i,w
   600  073E  3E20               	addlw	printString@msg& (0+255)
   601  073F  0084               	movwf	4
   602  0740  1383               	bcf	3,7	;select IRP bank0
   603  0741  0800               	movf	0,w
   604  0742  0099               	movwf	25	;volatile
   605  0743  3001               	movlw	1
   606  0744  07AE               	addwf	printString@i,f
   607  0745  1803               	skipnc
   608  0746  0AAF               	incf	printString@i+1,f
   609  0747  3000               	movlw	0
   610  0748  07AF               	addwf	printString@i+1,f
   611  0749  2F27               	goto	l649
   612  074A                     l61:	
   613                           ;dumalaganDa_LE6-3.c: 78: }
   614                           ;dumalaganDa_LE6-3.c: 79: while(!TRMT);
   615                           
   616  074A  1683               	bsf	3,5	;RP0=1, select bank1
   617  074B  1303               	bcf	3,6	;RP1=0, select bank1
   618  074C  1C98               	btfss	24,1	;volatile
   619  074D  2F4A               	goto	l61
   620                           
   621                           ;dumalaganDa_LE6-3.c: 80: TXREG = keyPress;
   622  074E  1283               	bcf	3,5	;RP0=0, select bank0
   623  074F  1303               	bcf	3,6	;RP1=0, select bank0
   624  0750  082D               	movf	printString@keyPress,w
   625  0751  0099               	movwf	25	;volatile
   626  0752                     l64:	
   627                           ;dumalaganDa_LE6-3.c: 81: while(!TRMT);
   628                           
   629  0752  1683               	bsf	3,5	;RP0=1, select bank1
   630  0753  1303               	bcf	3,6	;RP1=0, select bank1
   631  0754  1C98               	btfss	24,1	;volatile
   632  0755  2F52               	goto	l64
   633                           
   634                           ;dumalaganDa_LE6-3.c: 82: TXREG = '.';
   635  0756  302E               	movlw	46
   636  0757  1283               	bcf	3,5	;RP0=0, select bank0
   637  0758  1303               	bcf	3,6	;RP1=0, select bank0
   638  0759  0099               	movwf	25	;volatile
   639  075A                     l67:	
   640                           ;dumalaganDa_LE6-3.c: 83: while(!TRMT);
   641                           
   642  075A  1683               	bsf	3,5	;RP0=1, select bank1
   643  075B  1303               	bcf	3,6	;RP1=0, select bank1
   644  075C  1C98               	btfss	24,1	;volatile
   645  075D  2F5A               	goto	l67
   646                           
   647                           ;dumalaganDa_LE6-3.c: 84: TXREG = 13;
   648  075E  300D               	movlw	13
   649  075F  1283               	bcf	3,5	;RP0=0, select bank0
   650  0760  1303               	bcf	3,6	;RP1=0, select bank0
   651  0761  0099               	movwf	25	;volatile
   652  0762  0008               	return
   653  0763                     __end_of_printString:	
   654                           
   655                           	psect	text2
   656  06C0                     __ptext2:	
   657 ;; *************** function _strlen *****************
   658 ;; Defined at:
   659 ;;		line 4 in file "C:\Program Files (x86)\Microchip\xc8\v1.33\sources\common\strlen.c"
   660 ;; Parameters:    Size  Location     Type
   661 ;;  s               1    wreg     PTR const unsigned char 
   662 ;;		 -> printString@msg(13), 
   663 ;; Auto vars:     Size  Location     Type
   664 ;;  s               1    6[COMMON] PTR const unsigned char 
   665 ;;		 -> printString@msg(13), 
   666 ;;  cp              1    7[COMMON] PTR const unsigned char 
   667 ;;		 -> printString@msg(13), 
   668 ;; Return value:  Size  Location     Type
   669 ;;                  2    0[COMMON] unsigned int 
   670 ;; Registers used:
   671 ;;		wreg, fsr0l, fsr0h, status,2, status,0
   672 ;; Tracked objects:
   673 ;;		On entry : 0/0
   674 ;;		On exit  : 0/0
   675 ;;		Unchanged: 0/0
   676 ;; Data sizes:     COMMON   BANK0   BANK1   BANK3   BANK2
   677 ;;      Params:         2       0       0       0       0
   678 ;;      Locals:         2       0       0       0       0
   679 ;;      Temps:          4       0       0       0       0
   680 ;;      Totals:         8       0       0       0       0
   681 ;;Total ram usage:        8 bytes
   682 ;; Hardware stack levels used:    1
   683 ;; This function calls:
   684 ;;		Nothing
   685 ;; This function is called by:
   686 ;;		_printString
   687 ;; This function uses a non-reentrant model
   688 ;;
   689                           
   690                           
   691                           ;psect for function _strlen
   692  06C0                     _strlen:	
   693                           
   694                           ;incstack = 0
   695                           ; Regs used in _strlen: [wreg-fsr0h+status,2+status,0]
   696                           ;strlen@s stored from wreg
   697  06C0  00F6               	movwf	strlen@s
   698  06C1  0876               	movf	strlen@s,w
   699  06C2  00F2               	movwf	??_strlen
   700  06C3  0872               	movf	??_strlen,w
   701  06C4  00F7               	movwf	strlen@cp
   702  06C5                     l623:	
   703  06C5  0877               	movf	strlen@cp,w
   704  06C6  0084               	movwf	4
   705  06C7  1383               	bcf	3,7	;select IRP bank0
   706  06C8  0880               	movf	0,f
   707  06C9  1903               	btfsc	3,2
   708  06CA  2ED0               	goto	l625
   709  06CB  3001               	movlw	1
   710  06CC  00F2               	movwf	??_strlen
   711  06CD  0872               	movf	??_strlen,w
   712  06CE  07F7               	addwf	strlen@cp,f
   713  06CF  2EC5               	goto	l623
   714  06D0                     l625:	
   715  06D0  0876               	movf	strlen@s,w
   716  06D1  00F2               	movwf	??_strlen
   717  06D2  3000               	movlw	0
   718  06D3  00F3               	movwf	??_strlen+1
   719  06D4  09F2               	comf	??_strlen,f
   720  06D5  09F3               	comf	??_strlen+1,f
   721  06D6  0AF2               	incf	??_strlen,f
   722  06D7  1903               	skipnz
   723  06D8  0AF3               	incf	??_strlen+1,f
   724  06D9  0877               	movf	strlen@cp,w
   725  06DA  00F4               	movwf	??_strlen+2
   726  06DB  3000               	movlw	0
   727  06DC  00F5               	movwf	??_strlen+3
   728  06DD  0872               	movf	??_strlen,w
   729  06DE  0774               	addwf	??_strlen+2,w
   730  06DF  00F0               	movwf	?_strlen
   731  06E0  0873               	movf	??_strlen+1,w
   732  06E1  1803               	skipnc
   733  06E2  0A73               	incf	??_strlen+1,w
   734  06E3  0775               	addwf	??_strlen+3,w
   735  06E4  00F1               	movwf	?_strlen+1
   736  06E5  0008               	return
   737  06E6                     __end_of_strlen:	
   738                           
   739                           	psect	text3
   740  06E6                     __ptext3:	
   741 ;; *************** function _delay *****************
   742 ;; Defined at:
   743 ;;		line 18 in file "D:\JinBus\CpE 3201\Practical Activity #6\CpE 3201-LE6-3\dumalaganDa_LE6-3.c"
   744 ;; Parameters:    Size  Location     Type
   745 ;;  ms_Count        2    0[COMMON] unsigned int 
   746 ;; Auto vars:     Size  Location     Type
   747 ;;  j               2    4[COMMON] unsigned int 
   748 ;;  i               2    2[COMMON] unsigned int 
   749 ;; Return value:  Size  Location     Type
   750 ;;		None               void
   751 ;; Registers used:
   752 ;;		wreg, status,2
   753 ;; Tracked objects:
   754 ;;		On entry : 0/0
   755 ;;		On exit  : 0/0
   756 ;;		Unchanged: 0/0
   757 ;; Data sizes:     COMMON   BANK0   BANK1   BANK3   BANK2
   758 ;;      Params:         2       0       0       0       0
   759 ;;      Locals:         4       0       0       0       0
   760 ;;      Temps:          0       0       0       0       0
   761 ;;      Totals:         6       0       0       0       0
   762 ;;Total ram usage:        6 bytes
   763 ;; Hardware stack levels used:    1
   764 ;; This function calls:
   765 ;;		Nothing
   766 ;; This function is called by:
   767 ;;		_main
   768 ;; This function uses a non-reentrant model
   769 ;;
   770                           
   771                           
   772                           ;psect for function _delay
   773  06E6                     _delay:	
   774                           
   775                           ;dumalaganDa_LE6-3.c: 19: unsigned int i,j;
   776                           ;dumalaganDa_LE6-3.c: 20: for(i=0;i<ms_Count;i++) {
   777                           
   778                           ;incstack = 0
   779                           ; Regs used in _delay: [wreg+status,2]
   780  06E6  01F2               	clrf	delay@i
   781  06E7  01F3               	clrf	delay@i+1
   782  06E8                     l27:	
   783  06E8  0871               	movf	delay@ms_Count+1,w
   784  06E9  0273               	subwf	delay@i+1,w
   785  06EA  1D03               	skipz
   786  06EB  2EEE               	goto	u275
   787  06EC  0870               	movf	delay@ms_Count,w
   788  06ED  0272               	subwf	delay@i,w
   789  06EE                     u275:	
   790  06EE  1803               	btfsc	3,0
   791  06EF  0008               	return
   792                           
   793                           ;dumalaganDa_LE6-3.c: 21: for(j=0;j<1000;j++);
   794  06F0  01F4               	clrf	delay@j
   795  06F1  01F5               	clrf	delay@j+1
   796  06F2  3003               	movlw	3
   797  06F3  0275               	subwf	delay@j+1,w
   798  06F4  30E8               	movlw	232
   799  06F5  1903               	skipnz
   800  06F6  0274               	subwf	delay@j,w
   801  06F7  1803               	btfsc	3,0
   802  06F8  2F06               	goto	l639
   803  06F9                     l637:	
   804  06F9  3001               	movlw	1
   805  06FA  07F4               	addwf	delay@j,f
   806  06FB  1803               	skipnc
   807  06FC  0AF5               	incf	delay@j+1,f
   808  06FD  3000               	movlw	0
   809  06FE  07F5               	addwf	delay@j+1,f
   810  06FF  3003               	movlw	3
   811  0700  0275               	subwf	delay@j+1,w
   812  0701  30E8               	movlw	232
   813  0702  1903               	skipnz
   814  0703  0274               	subwf	delay@j,w
   815  0704  1C03               	skipc
   816  0705  2EF9               	goto	l637
   817  0706                     l639:	
   818  0706  3001               	movlw	1
   819  0707  07F2               	addwf	delay@i,f
   820  0708  1803               	skipnc
   821  0709  0AF3               	incf	delay@i+1,f
   822  070A  3000               	movlw	0
   823  070B  07F3               	addwf	delay@i+1,f
   824  070C  2EE8               	goto	l27
   825  070D                     __end_of_delay:	
   826  007E                     btemp	set	126	;btemp
   827  007E                     wtemp	set	126
   828  007E                     wtemp0	set	126
   829  0080                     wtemp1	set	128
   830  0082                     wtemp2	set	130
   831  0084                     wtemp3	set	132
   832  0086                     wtemp4	set	134
   833  0088                     wtemp5	set	136
   834  007F                     wtemp6	set	127
   835  007E                     ttemp	set	126
   836  007E                     ttemp0	set	126
   837  0081                     ttemp1	set	129
   838  0084                     ttemp2	set	132
   839  0087                     ttemp3	set	135
   840  007F                     ttemp4	set	127
   841  007E                     ltemp	set	126
   842  007E                     ltemp0	set	126
   843  0082                     ltemp1	set	130
   844  0086                     ltemp2	set	134
   845  0080                     ltemp3	set	128


Data Sizes:
    Strings     0
    Constant    0
    Data        13
    BSS         0
    Persistent  0
    Stack       0

Auto Spaces:
    Space          Size  Autos    Used
    COMMON           14     13      13
    BANK0            80     19      32
    BANK1            80      0       0
    BANK3            96      0       0
    BANK2            96      0       0

Pointer List with Targets:

    strlen@s	PTR const unsigned char  size(1) Largest target is 13
		 -> printString@msg(BANK0[13]), 

    strlen@cp	PTR const unsigned char  size(1) Largest target is 13
		 -> printString@msg(BANK0[13]), 


Critical Paths under _main in COMMON

    _main->_printString
    _printString->_strlen

Critical Paths under _main in BANK0

    _main->_printString

Critical Paths under _main in BANK1

    None.

Critical Paths under _main in BANK3

    None.

Critical Paths under _main in BANK2

    None.

Call Graph Tables:

 ---------------------------------------------------------------------------------
 (Depth) Function   	        Calls       Base Space   Used Autos Params    Refs
 ---------------------------------------------------------------------------------
 (0) _main                                                 4     4      0     677
                                             12 COMMON     1     1      0
                                             16 BANK0      3     3      0
                              _delay
                        _printString
 ---------------------------------------------------------------------------------
 (1) _printString                                         20    20      0     232
                                              8 COMMON     4     4      0
                                              0 BANK0     16    16      0
                             _strlen
 ---------------------------------------------------------------------------------
 (2) _strlen                                               8     6      2     117
                                              0 COMMON     8     6      2
 ---------------------------------------------------------------------------------
 (1) _delay                                                6     4      2     145
                                              0 COMMON     6     4      2
 ---------------------------------------------------------------------------------
 Estimated maximum stack depth 2
 ---------------------------------------------------------------------------------

 Call Graph Graphs:

 _main (ROOT)
   _delay
   _printString
     _strlen

 Address spaces:
Name               Size   Autos  Total    Cost      Usage
BANK3               60      0       0       9        0.0%
BITBANK3            60      0       0       8        0.0%
SFR3                 0      0       0       4        0.0%
BITSFR3              0      0       0       4        0.0%
BANK2               60      0       0      11        0.0%
BITBANK2            60      0       0      10        0.0%
SFR2                 0      0       0       5        0.0%
BITSFR2              0      0       0       5        0.0%
BANK1               50      0       0       7        0.0%
BITBANK1            50      0       0       6        0.0%
SFR1                 0      0       0       2        0.0%
BITSFR1              0      0       0       2        0.0%
BANK0               50     13      20       5       40.0%
BITBANK0            50      0       0       4        0.0%
SFR0                 0      0       0       1        0.0%
BITSFR0              0      0       0       1        0.0%
COMMON               E      D       D       1       92.9%
BITCOMMON            E      0       0       0        0.0%
CODE                 0      0       0       0        0.0%
DATA                 0      0      2D      12        0.0%
ABS                  0      0      2D       3        0.0%
NULL                 0      0       0       0        0.0%
STACK                0      0       0       2        0.0%
EEDATA             100      0       0       0        0.0%


Microchip Technology PIC Macro Assembler V1.33 build 59893 
Symbol Table                                                                                   Thu Mar 23 12:05:23 2023

                      pc 0002              __CFG_CP$OFF 0000                       l40 07A5  
                     l41 07AD                       l42 07B5                       l27 06E8  
                     l43 07BD                       l44 07C5                       l61 074A  
                     l45 07CD                       l37 078D                       l38 0795  
                     l47 07DB                       l39 079D                       l64 0752  
                     l48 07E3                       l57 0737                       l67 075A  
                     fsr 0004                      l623 06C5                      l625 06D0  
                    l637 06F9                      l639 0706                      l649 0727  
                    l669 0774                      l697 07D3                      _RB4 0034  
                    u305 0735                      u280 0718             __CFG_CPD$OFF 0000  
                    u275 06EE                      _TX9 04C6                      fsr0 0004  
                    indf 0000             __CFG_FOSC$XT 0000             __CFG_LVP$OFF 0000  
                   _BRGH 04C2                     _SPEN 00C7                     _TRMT 04C1  
                   _TXEN 04C5                     _SYNC 04C4             __CFG_WRT$OFF 0000  
                   _main 0763                     btemp 007E             printString@i 002E  
          __CFG_BOREN$ON 0000                     ltemp 007E                     start 0000  
                   ttemp 007E                     wtemp 007E                    ?_main 0070  
          __CFG_WDTE$OFF 0000                    _SPBRG 0099                    _PORTB 0006  
                  _TXREG 0019            __CFG_PWRTE$ON 0000                    _delay 06E6  
                  main@x 0030                    pclath 000A                    ltemp0 007E  
                  ltemp1 0082                    ltemp2 0086                    ltemp3 0080  
                  ttemp0 007E                    ttemp1 0081                    ttemp2 0084  
                  ttemp3 0087                    ttemp4 007F                    status 0003  
                  wtemp0 007E                    wtemp1 0080                    wtemp2 0082  
                  wtemp3 0084                    wtemp4 0086                    wtemp5 0088  
                  wtemp6 007F          __initialization 07F0      printString@keyPress 002D  
           __end_of_main 07F0                   ??_main 007C                   ?_delay 0070  
                 delay@i 0072                   delay@j 0074                   _strlen 06C0  
         printString@msg 0020             ?_printString 0070  __end_of__initialization 07FC  
         __pcstackCOMMON 0070             __pidataBANK0 06A2            __end_of_delay 070D  
                ??_delay 0072               __pmaintext 0763                  ?_strlen 0070  
                __ptext1 070D                  __ptext2 06C0                  __ptext3 06E6  
        __size_of_strlen 0026            delay@ms_Count 0070                  main@VAL 0032  
   end_of_initialization 07FC     __size_of_printString 0056                  strlen@s 0076  
         __end_of_strlen 06E6      start_initialization 07F0               init_fetch0 06AF  
            __pdataBANK0 0033                 ??_strlen 0072                ___latbits 0002  
          __pcstackBANK0 0020           __size_of_delay 0027            ??_printString 0078  
          __size_of_main 008D      __end_of_printString 0763         printString@F1251 0033  
               init_ram0 06B3                 strlen@cp 0077              _printString 070D  
