

Microchip Technology PIC LITE Macro Assembler V1.33 build 59893 
                                                                                               Tue Mar 07 19:59:52 2023

Microchip Technology Omniscient Code Generator (Lite mode) build 59893
     1                           	processor	16F877A
     2                           	opt	pw 120
     3                           	opt	lm
     4                           	psect	text0,local,class=CODE,merge=1,delta=2
     5                           	psect	cinit,global,class=CODE,merge=1,delta=2
     6                           	psect	cstackCOMMON,global,class=COMMON,space=1,delta=1
     7                           	psect	cstackBANK0,global,class=BANK0,space=1,delta=1
     8                           	psect	maintext,global,class=CODE,split=1,delta=2
     9                           	psect	text1,local,class=CODE,merge=1,delta=2
    10                           	psect	intentry,global,class=CODE,delta=2
    11                           	psect	text2,local,class=CODE,merge=1,delta=2
    12                           	dabs	1,0x7E,2
    13  0000                     	;# 
    14  0001                     	;# 
    15  0002                     	;# 
    16  0003                     	;# 
    17  0004                     	;# 
    18  0005                     	;# 
    19  0006                     	;# 
    20  0007                     	;# 
    21  0008                     	;# 
    22  0009                     	;# 
    23  000A                     	;# 
    24  000B                     	;# 
    25  000C                     	;# 
    26  000D                     	;# 
    27  000E                     	;# 
    28  000E                     	;# 
    29  000F                     	;# 
    30  0010                     	;# 
    31  0011                     	;# 
    32  0012                     	;# 
    33  0013                     	;# 
    34  0014                     	;# 
    35  0015                     	;# 
    36  0015                     	;# 
    37  0016                     	;# 
    38  0017                     	;# 
    39  0018                     	;# 
    40  0019                     	;# 
    41  001A                     	;# 
    42  001B                     	;# 
    43  001B                     	;# 
    44  001C                     	;# 
    45  001D                     	;# 
    46  001E                     	;# 
    47  001F                     	;# 
    48  0081                     	;# 
    49  0085                     	;# 
    50  0086                     	;# 
    51  0087                     	;# 
    52  0088                     	;# 
    53  0089                     	;# 
    54  008C                     	;# 
    55  008D                     	;# 
    56  008E                     	;# 
    57  0091                     	;# 
    58  0092                     	;# 
    59  0093                     	;# 
    60  0094                     	;# 
    61  0098                     	;# 
    62  0099                     	;# 
    63  009C                     	;# 
    64  009D                     	;# 
    65  009E                     	;# 
    66  009F                     	;# 
    67  010C                     	;# 
    68  010D                     	;# 
    69  010E                     	;# 
    70  010F                     	;# 
    71  018C                     	;# 
    72  018D                     	;# 
    73  0015                     _CCPR1	set	21
    74  000E                     _TMR1	set	14
    75  0017                     _CCP1CON	set	23
    76  0010                     _T1CON	set	16
    77  0062                     _CCP1IF	set	98
    78  005F                     _GIE	set	95
    79  005E                     _PEIE	set	94
    80  0080                     _TMR1ON	set	128
    81  0087                     _TRISC	set	135
    82  0462                     _CCP1IE	set	1122
    83                           
    84                           	psect	text0
    85  0000                     __ptext0:	
    86                           ; #config settings
    87                           
    88                           
    89                           ;psect for function ___lwdiv
    90  0000                     
    91                           	psect	cinit
    92  0015                     start_initialization:	
    93  0015                     __initialization:	
    94  0015                     end_of_initialization:	
    95                           ;End of C runtime variable initialization code
    96                           
    97  0015                     __end_of__initialization:	
    98  0015  0183               	clrf	3
    99  0016  120A  118A  2893   	ljmp	_main	;jump to C main() function
   100                           
   101                           	psect	cstackCOMMON
   102  0070                     __pcstackCOMMON:	
   103  0070                     ?_ISR:	
   104  0070                     ?_main:	
   105                           ; 0 bytes @ 0x0
   106                           
   107  0070                     ?___lwdiv:	
   108                           ; 0 bytes @ 0x0
   109                           
   110  0070                     ___lwdiv@divisor:	
   111                           ; 2 bytes @ 0x0
   112                           
   113                           
   114                           ; 2 bytes @ 0x0
   115  0070                     	ds	2
   116  0072                     ___lwdiv@dividend:	
   117                           
   118                           ; 2 bytes @ 0x2
   119  0072                     	ds	2
   120  0074                     ??___lwdiv:	
   121                           
   122                           ; 0 bytes @ 0x4
   123  0074                     	ds	1
   124  0075                     ___lwdiv@quotient:	
   125                           
   126                           ; 2 bytes @ 0x5
   127  0075                     	ds	2
   128  0077                     ___lwdiv@counter:	
   129                           
   130                           ; 1 bytes @ 0x7
   131  0077                     	ds	1
   132  0078                     ??_ISR:	
   133                           
   134                           ; 0 bytes @ 0x8
   135  0078                     	ds	6
   136                           
   137                           	psect	cstackBANK0
   138  0020                     __pcstackBANK0:	
   139  0020                     ISR@period:	
   140                           
   141                           ; 2 bytes @ 0x0
   142  0020                     	ds	2
   143  0022                     ??_main:	
   144                           
   145                           	psect	maintext
   146  0093                     __pmaintext:	
   147                           ; 0 bytes @ 0x2
   148 ;;
   149 ;;Main: autosize = 0, tempsize = 0, incstack = 0, save=0
   150 ;;
   151 ;; *************** function _main *****************
   152 ;; Defined at:
   153 ;;		line 27 in file "D:\JinBus\CpE 3201\Practical Activity #4\CpE 3201-LE4-3\LE4-3.c"
   154 ;; Parameters:    Size  Location     Type
   155 ;;		None
   156 ;; Auto vars:     Size  Location     Type
   157 ;;		None
   158 ;; Return value:  Size  Location     Type
   159 ;;		None               void
   160 ;; Registers used:
   161 ;;		wreg
   162 ;; Tracked objects:
   163 ;;		On entry : 17F/0
   164 ;;		On exit  : 0/0
   165 ;;		Unchanged: 0/0
   166 ;; Data sizes:     COMMON   BANK0   BANK1   BANK3   BANK2
   167 ;;      Params:         0       0       0       0       0
   168 ;;      Locals:         0       0       0       0       0
   169 ;;      Temps:          0       0       0       0       0
   170 ;;      Totals:         0       0       0       0       0
   171 ;;Total ram usage:        0 bytes
   172 ;; Hardware stack levels required when called:    2
   173 ;; This function calls:
   174 ;;		Nothing
   175 ;; This function is called by:
   176 ;;		Startup code after reset
   177 ;; This function uses a non-reentrant model
   178 ;;
   179                           
   180                           
   181                           ;psect for function _main
   182  0093                     _main:	
   183                           
   184                           ;LE4-3.c: 28: TRISC = 0x04;
   185                           
   186                           ;incstack = 0
   187                           ; Regs used in _main: [wreg]
   188  0093  3004               	movlw	4
   189  0094  1683               	bsf	3,5	;RP0=1, select bank1
   190  0095  1303               	bcf	3,6	;RP1=0, select bank1
   191  0096  0087               	movwf	7	;volatile
   192                           
   193                           ;LE4-3.c: 29: T1CON = 0x30;
   194  0097  3030               	movlw	48
   195  0098  1283               	bcf	3,5	;RP0=0, select bank0
   196  0099  1303               	bcf	3,6	;RP1=0, select bank0
   197  009A  0090               	movwf	16	;volatile
   198                           
   199                           ;LE4-3.c: 30: CCP1CON = 0x05;
   200  009B  3005               	movlw	5
   201  009C  0097               	movwf	23	;volatile
   202                           
   203                           ;LE4-3.c: 31: CCP1IE = 1;
   204  009D  1683               	bsf	3,5	;RP0=1, select bank1
   205  009E  1303               	bcf	3,6	;RP1=0, select bank1
   206  009F  150C               	bsf	12,2	;volatile
   207                           
   208                           ;LE4-3.c: 32: CCP1IF = 0;
   209  00A0  1283               	bcf	3,5	;RP0=0, select bank0
   210  00A1  1303               	bcf	3,6	;RP1=0, select bank0
   211  00A2  110C               	bcf	12,2	;volatile
   212                           
   213                           ;LE4-3.c: 33: PEIE = 1;
   214  00A3  170B               	bsf	11,6	;volatile
   215                           
   216                           ;LE4-3.c: 34: GIE = 1;
   217  00A4  178B               	bsf	11,7	;volatile
   218                           
   219                           ;LE4-3.c: 35: TMR1ON = 1;
   220  00A5  1410               	bsf	16,0	;volatile
   221  00A6                     l27:	
   222                           ;LE4-3.c: 37: for(;;) {
   223                           
   224                           
   225                           ;LE4-3.c: 38: }
   226  00A6  28A6               	goto	l27
   227  00A7                     __end_of_main:	
   228                           
   229                           	psect	text1
   230  0057                     __ptext1:	
   231 ;; *************** function _ISR *****************
   232 ;; Defined at:
   233 ;;		line 13 in file "D:\JinBus\CpE 3201\Practical Activity #4\CpE 3201-LE4-3\LE4-3.c"
   234 ;; Parameters:    Size  Location     Type
   235 ;;		None
   236 ;; Auto vars:     Size  Location     Type
   237 ;;  period          2    0[BANK0 ] int 
   238 ;; Return value:  Size  Location     Type
   239 ;;		None               void
   240 ;; Registers used:
   241 ;;		wreg, status,2, status,0, pclath, cstack
   242 ;; Tracked objects:
   243 ;;		On entry : 0/0
   244 ;;		On exit  : 0/0
   245 ;;		Unchanged: 0/0
   246 ;; Data sizes:     COMMON   BANK0   BANK1   BANK3   BANK2
   247 ;;      Params:         0       0       0       0       0
   248 ;;      Locals:         0       2       0       0       0
   249 ;;      Temps:          6       0       0       0       0
   250 ;;      Totals:         6       2       0       0       0
   251 ;;Total ram usage:        8 bytes
   252 ;; Hardware stack levels used:    1
   253 ;; Hardware stack levels required when called:    1
   254 ;; This function calls:
   255 ;;		___lwdiv
   256 ;; This function is called by:
   257 ;;		Interrupt level 1
   258 ;; This function uses a non-reentrant model
   259 ;;
   260                           
   261                           
   262                           ;psect for function _ISR
   263  0057                     _ISR:	
   264                           
   265                           ;LE4-3.c: 14: int period = 0;
   266  0057  01A0               	clrf	ISR@period
   267  0058  01A1               	clrf	ISR@period+1
   268                           
   269                           ;LE4-3.c: 16: GIE = 0;
   270  0059  138B               	bcf	11,7	;volatile
   271                           
   272                           ;LE4-3.c: 17: if(CCP1IF==1) {
   273  005A  1D0C               	btfss	12,2	;volatile
   274  005B  2887               	goto	i1l580
   275                           
   276                           ;LE4-3.c: 18: CCP1IF = 0;
   277  005C  110C               	bcf	12,2	;volatile
   278                           
   279                           ;LE4-3.c: 19: TMR1 = 0;
   280  005D  018E               	clrf	14	;volatile
   281  005E  018F               	clrf	15	;volatile
   282                           
   283                           ;LE4-3.c: 20: period = CCPR1/1000;
   284  005F  30E8               	movlw	232
   285  0060  00F0               	movwf	___lwdiv@divisor
   286  0061  3003               	movlw	3
   287  0062  00F1               	movwf	___lwdiv@divisor+1
   288  0063  0816               	movf	22,w	;volatile
   289  0064  01F3               	clrf	___lwdiv@dividend+1
   290  0065  07F3               	addwf	___lwdiv@dividend+1,f
   291  0066  0815               	movf	21,w	;volatile
   292  0067  01F2               	clrf	___lwdiv@dividend
   293  0068  07F2               	addwf	___lwdiv@dividend,f
   294  0069  120A  118A  2019  120A  118A  	fcall	___lwdiv
   295  006E  0871               	movf	?___lwdiv+1,w
   296  006F  1283               	bcf	3,5	;RP0=0, select bank0
   297  0070  1303               	bcf	3,6	;RP1=0, select bank0
   298  0071  01A1               	clrf	ISR@period+1
   299  0072  07A1               	addwf	ISR@period+1,f
   300  0073  0870               	movf	?___lwdiv,w
   301  0074  01A0               	clrf	ISR@period
   302  0075  07A0               	addwf	ISR@period,f
   303                           
   304                           ;LE4-3.c: 22: period = period*8;
   305  0076  0821               	movf	ISR@period+1,w
   306  0077  00F9               	movwf	??_ISR+1
   307  0078  0820               	movf	ISR@period,w
   308  0079  00F8               	movwf	??_ISR
   309  007A  1003               	clrc
   310  007B  0DF8               	rlf	??_ISR,f
   311  007C  0DF9               	rlf	??_ISR+1,f
   312  007D  1003               	clrc
   313  007E  0DF8               	rlf	??_ISR,f
   314  007F  0DF9               	rlf	??_ISR+1,f
   315  0080  1003               	clrc
   316  0081  0DF8               	rlf	??_ISR,f
   317  0082  0DF9               	rlf	??_ISR+1,f
   318  0083  0878               	movf	??_ISR,w
   319  0084  00A0               	movwf	ISR@period
   320  0085  0879               	movf	??_ISR+1,w
   321  0086  00A1               	movwf	ISR@period+1
   322  0087                     i1l580:	
   323                           
   324                           ;LE4-3.c: 23: }
   325                           ;LE4-3.c: 24: GIE = 1;
   326  0087  178B               	bsf	11,7	;volatile
   327  0088  087D               	movf	??_ISR+5,w
   328  0089  00FF               	movwf	127
   329  008A  087C               	movf	??_ISR+4,w
   330  008B  008A               	movwf	10
   331  008C  087B               	movf	??_ISR+3,w
   332  008D  0084               	movwf	4
   333  008E  0E7A               	swapf	(??_ISR+2)^(0+-128),w
   334  008F  0083               	movwf	3
   335  0090  0EFE               	swapf	126,f
   336  0091  0E7E               	swapf	126,w
   337  0092  0009               	retfie
   338  0093                     __end_of_ISR:	
   339                           
   340                           	psect	intentry
   341  0004                     __pintentry:	
   342                           ;incstack = 0
   343                           ; Regs used in _ISR: [wreg+status,2+status,0+pclath+cstack]
   344                           
   345  0004                     interrupt_function:	
   346  007E                     saved_w	set	btemp
   347  0004  00FE               	movwf	btemp
   348  0005  0E03               	swapf	3,w
   349  0006  00FA               	movwf	??_ISR+2
   350  0007  0804               	movf	4,w
   351  0008  00FB               	movwf	??_ISR+3
   352  0009  080A               	movf	10,w
   353  000A  00FC               	movwf	??_ISR+4
   354  000B  1283               	bcf	3,5	;RP0=0, select bank0
   355  000C  1303               	bcf	3,6	;RP1=0, select bank0
   356  000D  087F               	movf	btemp+1,w
   357  000E  00FD               	movwf	??_ISR+5
   358  000F  120A  118A  2857   	ljmp	_ISR
   359                           
   360                           	psect	text2
   361  0019                     __ptext2:	
   362 ;; *************** function ___lwdiv *****************
   363 ;; Defined at:
   364 ;;		line 6 in file "C:\Program Files (x86)\Microchip\xc8\v1.33\sources\common\lwdiv.c"
   365 ;; Parameters:    Size  Location     Type
   366 ;;  divisor         2    0[COMMON] unsigned int 
   367 ;;  dividend        2    2[COMMON] unsigned int 
   368 ;; Auto vars:     Size  Location     Type
   369 ;;  quotient        2    5[COMMON] unsigned int 
   370 ;;  counter         1    7[COMMON] unsigned char 
   371 ;; Return value:  Size  Location     Type
   372 ;;                  2    0[COMMON] unsigned int 
   373 ;; Registers used:
   374 ;;		wreg, status,2, status,0
   375 ;; Tracked objects:
   376 ;;		On entry : 0/0
   377 ;;		On exit  : 0/0
   378 ;;		Unchanged: 0/0
   379 ;; Data sizes:     COMMON   BANK0   BANK1   BANK3   BANK2
   380 ;;      Params:         4       0       0       0       0
   381 ;;      Locals:         3       0       0       0       0
   382 ;;      Temps:          1       0       0       0       0
   383 ;;      Totals:         8       0       0       0       0
   384 ;;Total ram usage:        8 bytes
   385 ;; Hardware stack levels used:    1
   386 ;; This function calls:
   387 ;;		Nothing
   388 ;; This function is called by:
   389 ;;		_ISR
   390 ;; This function uses a non-reentrant model
   391 ;;
   392                           
   393                           
   394                           ;psect for function ___lwdiv
   395  0019                     ___lwdiv:	
   396                           
   397                           ;incstack = 0
   398                           ; Regs used in ___lwdiv: [wreg+status,2+status,0]
   399  0019  01F5               	clrf	___lwdiv@quotient
   400  001A  01F6               	clrf	___lwdiv@quotient+1
   401  001B  0871               	movf	___lwdiv@divisor+1,w
   402  001C  0470               	iorwf	___lwdiv@divisor,w
   403  001D  1903               	skipnz
   404  001E  2850               	goto	i1l562
   405  001F  01F7               	clrf	___lwdiv@counter
   406  0020  0AF7               	incf	___lwdiv@counter,f
   407  0021                     i1l550:	
   408  0021  1BF1               	btfsc	___lwdiv@divisor+1,7
   409  0022  282F               	goto	i1l552
   410  0023  3001               	movlw	1
   411  0024                     u10_25:	
   412  0024  1003               	clrc
   413  0025  0DF0               	rlf	___lwdiv@divisor,f
   414  0026  0DF1               	rlf	___lwdiv@divisor+1,f
   415  0027  3EFF               	addlw	-1
   416  0028  1D03               	skipz
   417  0029  2824               	goto	u10_25
   418  002A  3001               	movlw	1
   419  002B  00F4               	movwf	??___lwdiv
   420  002C  0874               	movf	??___lwdiv,w
   421  002D  07F7               	addwf	___lwdiv@counter,f
   422  002E  2821               	goto	i1l550
   423  002F                     i1l552:	
   424  002F  3001               	movlw	1
   425  0030                     u12_25:	
   426  0030  1003               	clrc
   427  0031  0DF5               	rlf	___lwdiv@quotient,f
   428  0032  0DF6               	rlf	___lwdiv@quotient+1,f
   429  0033  3EFF               	addlw	-1
   430  0034  1D03               	skipz
   431  0035  2830               	goto	u12_25
   432  0036  0871               	movf	___lwdiv@divisor+1,w
   433  0037  0273               	subwf	___lwdiv@dividend+1,w
   434  0038  1D03               	skipz
   435  0039  283C               	goto	u13_25
   436  003A  0870               	movf	___lwdiv@divisor,w
   437  003B  0272               	subwf	___lwdiv@dividend,w
   438  003C                     u13_25:	
   439  003C  1C03               	skipc
   440  003D  2845               	goto	i1l558
   441  003E  0870               	movf	___lwdiv@divisor,w
   442  003F  02F2               	subwf	___lwdiv@dividend,f
   443  0040  0871               	movf	___lwdiv@divisor+1,w
   444  0041  1C03               	skipc
   445  0042  03F3               	decf	___lwdiv@dividend+1,f
   446  0043  02F3               	subwf	___lwdiv@dividend+1,f
   447  0044  1475               	bsf	___lwdiv@quotient,0
   448  0045                     i1l558:	
   449  0045  3001               	movlw	1
   450  0046                     u14_25:	
   451  0046  1003               	clrc
   452  0047  0CF1               	rrf	___lwdiv@divisor+1,f
   453  0048  0CF0               	rrf	___lwdiv@divisor,f
   454  0049  3EFF               	addlw	-1
   455  004A  1D03               	skipz
   456  004B  2846               	goto	u14_25
   457  004C  3001               	movlw	1
   458  004D  02F7               	subwf	___lwdiv@counter,f
   459  004E  1D03               	btfss	3,2
   460  004F  282F               	goto	i1l552
   461  0050                     i1l562:	
   462  0050  0876               	movf	___lwdiv@quotient+1,w
   463  0051  01F1               	clrf	?___lwdiv+1
   464  0052  07F1               	addwf	?___lwdiv+1,f
   465  0053  0875               	movf	___lwdiv@quotient,w
   466  0054  01F0               	clrf	?___lwdiv
   467  0055  07F0               	addwf	?___lwdiv,f
   468  0056  0008               	return
   469  0057                     __end_of___lwdiv:	
   470  007E                     btemp	set	126	;btemp
   471  007E                     wtemp	set	126
   472  007E                     wtemp0	set	126
   473  0080                     wtemp1	set	128
   474  0082                     wtemp2	set	130
   475  0084                     wtemp3	set	132
   476  0086                     wtemp4	set	134
   477  0088                     wtemp5	set	136
   478  007F                     wtemp6	set	127
   479  007E                     ttemp	set	126
   480  007E                     ttemp0	set	126
   481  0081                     ttemp1	set	129
   482  0084                     ttemp2	set	132
   483  0087                     ttemp3	set	135
   484  007F                     ttemp4	set	127
   485  007E                     ltemp	set	126
   486  007E                     ltemp0	set	126
   487  0082                     ltemp1	set	130
   488  0086                     ltemp2	set	134
   489  0080                     ltemp3	set	128


Data Sizes:
    Strings     0
    Constant    0
    Data        0
    BSS         0
    Persistent  0
    Stack       0

Auto Spaces:
    Space          Size  Autos    Used
    COMMON           14     14      14
    BANK0            80      2       2
    BANK1            80      0       0
    BANK3            96      0       0
    BANK2            96      0       0

Pointer List with Targets:

    None.

Critical Paths under _main in COMMON

    None.

Critical Paths under _ISR in COMMON

    _ISR->___lwdiv

Critical Paths under _main in BANK0

    None.

Critical Paths under _ISR in BANK0

    None.

Critical Paths under _main in BANK1

    None.

Critical Paths under _ISR in BANK1

    None.

Critical Paths under _main in BANK3

    None.

Critical Paths under _ISR in BANK3

    None.

Critical Paths under _main in BANK2

    None.

Critical Paths under _ISR in BANK2

    None.

Call Graph Tables:

 ---------------------------------------------------------------------------------
 (Depth) Function   	        Calls       Base Space   Used Autos Params    Refs
 ---------------------------------------------------------------------------------
 (0) _main                                                 0     0      0       0
 ---------------------------------------------------------------------------------
 Estimated maximum stack depth 0
 ---------------------------------------------------------------------------------
 (Depth) Function   	        Calls       Base Space   Used Autos Params    Refs
 ---------------------------------------------------------------------------------
 (1) _ISR                                                  8     8      0     293
                                              8 COMMON     6     6      0
                                              0 BANK0      2     2      0
                            ___lwdiv
 ---------------------------------------------------------------------------------
 (2) ___lwdiv                                              8     4      4     268
                                              0 COMMON     8     4      4
 ---------------------------------------------------------------------------------
 Estimated maximum stack depth 2
 ---------------------------------------------------------------------------------

 Call Graph Graphs:

 _main (ROOT)

 _ISR (ROOT)
   ___lwdiv

 Address spaces:
Name               Size   Autos  Total    Cost      Usage
BITCOMMON            E      0       0       0        0.0%
EEDATA             100      0       0       0        0.0%
NULL                 0      0       0       0        0.0%
CODE                 0      0       0       0        0.0%
COMMON               E      E       E       1      100.0%
BITSFR0              0      0       0       1        0.0%
SFR0                 0      0       0       1        0.0%
BITSFR1              0      0       0       2        0.0%
SFR1                 0      0       0       2        0.0%
STACK                0      0       0       2        0.0%
ABS                  0      0       0       3        0.0%
BITBANK0            50      0       0       4        0.0%
BITSFR3              0      0       0       4        0.0%
SFR3                 0      0       0       4        0.0%
BANK0               50      2       2       5        2.5%
BITSFR2              0      0       0       5        0.0%
SFR2                 0      0       0       5        0.0%
BITBANK1            50      0       0       6        0.0%
BANK1               50      0       0       7        0.0%
BITBANK3            60      0       0       8        0.0%
BANK3               60      0       0       9        0.0%
BITBANK2            60      0       0      10        0.0%
BANK2               60      0       0      11        0.0%
DATA                 0      0       0      12        0.0%


Microchip Technology PIC Macro Assembler V1.33 build 59893 
Symbol Table                                                                                   Tue Mar 07 19:59:52 2023

            __CFG_CP$OFF 0000                       l27 00A6                      _GIE 005F  
           __CFG_CPD$OFF 0000                      _ISR 0057                      fsr0 0004  
           __CFG_FOSC$XT 0000             __CFG_LVP$OFF 0000                     ?_ISR 0070  
                   _PEIE 005E                     _TMR1 000E             __CFG_WRT$OFF 0000  
                   _main 0093                     btemp 007E            __CFG_BOREN$ON 0000  
                   ltemp 007E                     start 0012                     ttemp 007E  
                   wtemp 007E                    ??_ISR 0078                    ?_main 0070  
                  _CCPR1 0015            __CFG_WDTE$OFF 0000                    _T1CON 0010  
        __end_of___lwdiv 0057                    i1l550 0021                    i1l552 002F  
                  i1l562 0050                    i1l580 0087                    i1l558 0045  
                  u10_25 0024                    u12_25 0030                    u13_25 003C  
                  u14_25 0046                    _TRISC 0087            __CFG_PWRTE$ON 0000  
                  pclath 000A                    ltemp0 007E                    ltemp1 0082  
                  ltemp2 0086                    ltemp3 0080                    ttemp0 007E  
                  ttemp1 0081                    ttemp2 0084                    ttemp3 0087  
                  ttemp4 007F                    status 0003                    wtemp0 007E  
                  wtemp1 0080                    wtemp2 0082                    wtemp3 0084  
                  wtemp4 0086                    wtemp5 0088                    wtemp6 007F  
        __initialization 0015             __end_of_main 00A7                   ??_main 0022  
                 _CCP1IE 0462                   _CCP1IF 0062                   _TMR1ON 0080  
              ??___lwdiv 0074                   saved_w 007E  __end_of__initialization 0015  
         __pcstackCOMMON 0070                ISR@period 0020               __pmaintext 0093  
             __pintentry 0004                  _CCP1CON 0017                  ___lwdiv 0019  
                __ptext0 0000                  __ptext1 0057                  __ptext2 0019  
           __size_of_ISR 003C     end_of_initialization 0015      start_initialization 0015  
            __end_of_ISR 0093                ___latbits 0002            __pcstackBANK0 0020  
       ___lwdiv@dividend 0072                 ?___lwdiv 0070         ___lwdiv@quotient 0075  
      interrupt_function 0004         __size_of___lwdiv 003E          ___lwdiv@divisor 0070  
        ___lwdiv@counter 0077            __size_of_main 0014                 intlevel1 0000  
