

Microchip Technology PIC LITE Macro Assembler V1.33 build 59893 
                                                                                               Thu Mar 23 11:07:39 2023

Microchip Technology Omniscient Code Generator (Lite mode) build 59893
     1                           	processor	16F877A
     2                           	opt	pw 120
     3                           	opt	lm
     4                           	psect	maintext,global,class=CODE,split=1,delta=2
     5                           	psect	cinit,global,class=CODE,merge=1,delta=2
     6                           	psect	cstackCOMMON,global,class=COMMON,space=1,delta=1
     7                           	dabs	1,0x7E,2
     8  0000                     	;# 
     9  0001                     	;# 
    10  0002                     	;# 
    11  0003                     	;# 
    12  0004                     	;# 
    13  0005                     	;# 
    14  0006                     	;# 
    15  0007                     	;# 
    16  0008                     	;# 
    17  0009                     	;# 
    18  000A                     	;# 
    19  000B                     	;# 
    20  000C                     	;# 
    21  000D                     	;# 
    22  000E                     	;# 
    23  000E                     	;# 
    24  000F                     	;# 
    25  0010                     	;# 
    26  0011                     	;# 
    27  0012                     	;# 
    28  0013                     	;# 
    29  0014                     	;# 
    30  0015                     	;# 
    31  0015                     	;# 
    32  0016                     	;# 
    33  0017                     	;# 
    34  0018                     	;# 
    35  0019                     	;# 
    36  001A                     	;# 
    37  001B                     	;# 
    38  001B                     	;# 
    39  001C                     	;# 
    40  001D                     	;# 
    41  001E                     	;# 
    42  001F                     	;# 
    43  0081                     	;# 
    44  0085                     	;# 
    45  0086                     	;# 
    46  0087                     	;# 
    47  0088                     	;# 
    48  0089                     	;# 
    49  008C                     	;# 
    50  008D                     	;# 
    51  008E                     	;# 
    52  0091                     	;# 
    53  0092                     	;# 
    54  0093                     	;# 
    55  0094                     	;# 
    56  0098                     	;# 
    57  0099                     	;# 
    58  009C                     	;# 
    59  009D                     	;# 
    60  009E                     	;# 
    61  009F                     	;# 
    62  010C                     	;# 
    63  010D                     	;# 
    64  010E                     	;# 
    65  010F                     	;# 
    66  018C                     	;# 
    67  018D                     	;# 
    68  0006                     _PORTB	set	6
    69  001A                     _RCREG	set	26
    70  00C4                     _CREN	set	196
    71  0065                     _RCIF	set	101
    72  00C6                     _RX9	set	198
    73  00C7                     _SPEN	set	199
    74  0099                     _SPBRG	set	153
    75  0086                     _TRISB	set	134
    76  04C2                     _BRGH	set	1218
    77  04C4                     _SYNC	set	1220
    78                           
    79                           	psect	maintext
    80  07E2                     __pmaintext:	
    81                           ; #config settings
    82                           
    83                           
    84                           ;psect for function _main
    85  0000                     
    86                           ; 0 bytes @ 0x0
    87 ;;
    88 ;;Main: autosize = 0, tempsize = 0, incstack = 0, save=0
    89 ;;
    90 ;; *************** function _main *****************
    91 ;; Defined at:
    92 ;;		line 15 in file "D:\JinBus\CpE 3201\Practical Activity #6\CpE 3201-LE6-2\dumalaganDa_LE6-2.c"
    93 ;; Parameters:    Size  Location     Type
    94 ;;		None
    95 ;; Auto vars:     Size  Location     Type
    96 ;;		None
    97 ;; Return value:  Size  Location     Type
    98 ;;		None               void
    99 ;; Registers used:
   100 ;;		wreg, status,2
   101 ;; Tracked objects:
   102 ;;		On entry : 17F/0
   103 ;;		On exit  : 0/0
   104 ;;		Unchanged: 0/0
   105 ;; Data sizes:     COMMON   BANK0   BANK1   BANK3   BANK2
   106 ;;      Params:         0       0       0       0       0
   107 ;;      Locals:         0       0       0       0       0
   108 ;;      Temps:          0       0       0       0       0
   109 ;;      Totals:         0       0       0       0       0
   110 ;;Total ram usage:        0 bytes
   111 ;; This function calls:
   112 ;;		Nothing
   113 ;; This function is called by:
   114 ;;		Startup code after reset
   115 ;; This function uses a non-reentrant model
   116 ;;
   117  07E2                     _main:	
   118                           
   119                           ;dumalaganDa_LE6-2.c: 16: SPBRG = 0x19;
   120                           
   121                           ;incstack = 0
   122                           ; Regs used in _main: [wreg+status,2]
   123  07E2  3019               	movlw	25
   124  07E3  1683               	bsf	3,5	;RP0=1, select bank1
   125  07E4  1303               	bcf	3,6	;RP1=0, select bank1
   126  07E5  0099               	movwf	25	;volatile
   127                           
   128                           ;dumalaganDa_LE6-2.c: 18: SYNC = 0;
   129  07E6  1218               	bcf	24,4	;volatile
   130                           
   131                           ;dumalaganDa_LE6-2.c: 19: SPEN = 1;
   132  07E7  1283               	bcf	3,5	;RP0=0, select bank0
   133  07E8  1303               	bcf	3,6	;RP1=0, select bank0
   134  07E9  1798               	bsf	24,7	;volatile
   135                           
   136                           ;dumalaganDa_LE6-2.c: 20: RX9 = 0;
   137  07EA  1318               	bcf	24,6	;volatile
   138                           
   139                           ;dumalaganDa_LE6-2.c: 21: BRGH = 1;
   140  07EB  1683               	bsf	3,5	;RP0=1, select bank1
   141  07EC  1303               	bcf	3,6	;RP1=0, select bank1
   142  07ED  1518               	bsf	24,2	;volatile
   143                           
   144                           ;dumalaganDa_LE6-2.c: 22: CREN = 1;
   145  07EE  1283               	bcf	3,5	;RP0=0, select bank0
   146  07EF  1303               	bcf	3,6	;RP1=0, select bank0
   147  07F0  1618               	bsf	24,4	;volatile
   148                           
   149                           ;dumalaganDa_LE6-2.c: 23: TRISB = 0x00;
   150  07F1  1683               	bsf	3,5	;RP0=1, select bank1
   151  07F2  1303               	bcf	3,6	;RP1=0, select bank1
   152  07F3  0186               	clrf	6	;volatile
   153                           
   154                           ;dumalaganDa_LE6-2.c: 24: PORTB = 0x00;
   155  07F4  1283               	bcf	3,5	;RP0=0, select bank0
   156  07F5  1303               	bcf	3,6	;RP1=0, select bank0
   157  07F6  0186               	clrf	6	;volatile
   158  07F7                     l24:	
   159                           ;dumalaganDa_LE6-2.c: 27: while(!RCIF);
   160                           
   161                           ;dumalaganDa_LE6-2.c: 26: for(;;) {
   162                           
   163  07F7  1E8C               	btfss	12,5	;volatile
   164  07F8  2FF7               	goto	l24
   165                           
   166                           ;dumalaganDa_LE6-2.c: 28: PORTB = RCREG;
   167  07F9  081A               	movf	26,w	;volatile
   168  07FA  0086               	movwf	6	;volatile
   169                           
   170                           ;dumalaganDa_LE6-2.c: 29: }
   171  07FB  2FF7               	goto	l24
   172  07FC                     __end_of_main:	
   173  007E                     btemp	set	126	;btemp
   174  007E                     wtemp	set	126
   175  007E                     wtemp0	set	126
   176  0080                     wtemp1	set	128
   177  0082                     wtemp2	set	130
   178  0084                     wtemp3	set	132
   179  0086                     wtemp4	set	134
   180  0088                     wtemp5	set	136
   181  007F                     wtemp6	set	127
   182  007E                     ttemp	set	126
   183  007E                     ttemp0	set	126
   184  0081                     ttemp1	set	129
   185  0084                     ttemp2	set	132
   186  0087                     ttemp3	set	135
   187  007F                     ttemp4	set	127
   188  007E                     ltemp	set	126
   189  007E                     ltemp0	set	126
   190  0082                     ltemp1	set	130
   191  0086                     ltemp2	set	134
   192  0080                     ltemp3	set	128
   193                           
   194                           	psect	cinit
   195  07FC                     start_initialization:	
   196  07FC                     __initialization:	
   197  07FC                     end_of_initialization:	
   198                           ;End of C runtime variable initialization code
   199                           
   200  07FC                     __end_of__initialization:	
   201  07FC  0183               	clrf	3
   202  07FD  120A  118A  2FE2   	ljmp	_main	;jump to C main() function
   203                           
   204                           	psect	cstackCOMMON
   205  0000                     __pcstackCOMMON:	
   206  0000                     ?_main:	
   207  0000                     ??_main:	
   208                           ; 0 bytes @ 0x0
   209                           


Data Sizes:
    Strings     0
    Constant    0
    Data        0
    BSS         0
    Persistent  0
    Stack       0

Auto Spaces:
    Space          Size  Autos    Used
    COMMON           14      0       0
    BANK0            80      0       0
    BANK1            80      0       0
    BANK3            96      0       0
    BANK2            96      0       0

Pointer List with Targets:

    None.

Critical Paths under _main in COMMON

    None.

Critical Paths under _main in BANK0

    None.

Critical Paths under _main in BANK1

    None.

Critical Paths under _main in BANK3

    None.

Critical Paths under _main in BANK2

    None.

Call Graph Tables:

 ---------------------------------------------------------------------------------
 (Depth) Function   	        Calls       Base Space   Used Autos Params    Refs
 ---------------------------------------------------------------------------------
 (0) _main                                                 0     0      0       0
 ---------------------------------------------------------------------------------
 Estimated maximum stack depth 0
 ---------------------------------------------------------------------------------

 Call Graph Graphs:

 _main (ROOT)

 Address spaces:
Name               Size   Autos  Total    Cost      Usage
BITCOMMON            E      0       0       0        0.0%
EEDATA             100      0       0       0        0.0%
NULL                 0      0       0       0        0.0%
CODE                 0      0       0       0        0.0%
COMMON               E      0       0       1        0.0%
BITSFR0              0      0       0       1        0.0%
SFR0                 0      0       0       1        0.0%
BITSFR1              0      0       0       2        0.0%
SFR1                 0      0       0       2        0.0%
STACK                0      0       0       2        0.0%
ABS                  0      0       0       3        0.0%
BITBANK0            50      0       0       4        0.0%
BITSFR3              0      0       0       4        0.0%
SFR3                 0      0       0       4        0.0%
BANK0               50      0       0       5        0.0%
BITSFR2              0      0       0       5        0.0%
SFR2                 0      0       0       5        0.0%
BITBANK1            50      0       0       6        0.0%
BANK1               50      0       0       7        0.0%
BITBANK3            60      0       0       8        0.0%
BANK3               60      0       0       9        0.0%
BITBANK2            60      0       0      10        0.0%
BANK2               60      0       0      11        0.0%
DATA                 0      0       0      12        0.0%


Microchip Technology PIC Macro Assembler V1.33 build 59893 
Symbol Table                                                                                   Thu Mar 23 11:07:39 2023

            __CFG_CP$OFF 0000                       l24 07F7             __CFG_CPD$OFF 0000  
                    _RX9 00C6             __CFG_FOSC$XT 0000             __CFG_LVP$OFF 0000  
                   _BRGH 04C2                     _CREN 00C4                     _RCIF 0065  
                   _SPEN 00C7                     _SYNC 04C4             __CFG_WRT$OFF 0000  
                   _main 07E2                     btemp 007E            __CFG_BOREN$ON 0000  
                   ltemp 007E                     start 0000                     ttemp 007E  
                   wtemp 007E                    ?_main 0000            __CFG_WDTE$OFF 0000  
                  _RCREG 001A                    _SPBRG 0099                    _PORTB 0006  
                  _TRISB 0086            __CFG_PWRTE$ON 0000                    ltemp0 007E  
                  ltemp1 0082                    ltemp2 0086                    ltemp3 0080  
                  ttemp0 007E                    ttemp1 0081                    ttemp2 0084  
                  ttemp3 0087                    ttemp4 007F                    status 0003  
                  wtemp0 007E                    wtemp1 0080                    wtemp2 0082  
                  wtemp3 0084                    wtemp4 0086                    wtemp5 0088  
                  wtemp6 007F          __initialization 07FC             __end_of_main 07FC  
                 ??_main 0000  __end_of__initialization 07FC           __pcstackCOMMON 0000  
             __pmaintext 07E2     end_of_initialization 07FC      start_initialization 07FC  
              ___latbits 0002            __size_of_main 001A  
