

Microchip Technology PIC LITE Macro Assembler V1.33 build 59893 
                                                                                               Tue Mar 07 19:34:15 2023

Microchip Technology Omniscient Code Generator (Lite mode) build 59893
     1                           	processor	16F877A
     2                           	opt	pw 120
     3                           	opt	lm
     4                           	psect	text0,local,class=CODE,merge=1,delta=2
     5                           	psect	cinit,global,class=CODE,merge=1,delta=2
     6                           	psect	cstackCOMMON,global,class=COMMON,space=1,delta=1
     7                           	psect	maintext,global,class=CODE,split=1,delta=2
     8                           	psect	text1,local,class=CODE,merge=1,delta=2
     9                           	psect	intentry,global,class=CODE,delta=2
    10                           	dabs	1,0x7E,2
    11  0000                     	;# 
    12  0001                     	;# 
    13  0002                     	;# 
    14  0003                     	;# 
    15  0004                     	;# 
    16  0005                     	;# 
    17  0006                     	;# 
    18  0007                     	;# 
    19  0008                     	;# 
    20  0009                     	;# 
    21  000A                     	;# 
    22  000B                     	;# 
    23  000C                     	;# 
    24  000D                     	;# 
    25  000E                     	;# 
    26  000E                     	;# 
    27  000F                     	;# 
    28  0010                     	;# 
    29  0011                     	;# 
    30  0012                     	;# 
    31  0013                     	;# 
    32  0014                     	;# 
    33  0015                     	;# 
    34  0015                     	;# 
    35  0016                     	;# 
    36  0017                     	;# 
    37  0018                     	;# 
    38  0019                     	;# 
    39  001A                     	;# 
    40  001B                     	;# 
    41  001B                     	;# 
    42  001C                     	;# 
    43  001D                     	;# 
    44  001E                     	;# 
    45  001F                     	;# 
    46  0081                     	;# 
    47  0085                     	;# 
    48  0086                     	;# 
    49  0087                     	;# 
    50  0088                     	;# 
    51  0089                     	;# 
    52  008C                     	;# 
    53  008D                     	;# 
    54  008E                     	;# 
    55  0091                     	;# 
    56  0092                     	;# 
    57  0093                     	;# 
    58  0094                     	;# 
    59  0098                     	;# 
    60  0099                     	;# 
    61  009C                     	;# 
    62  009D                     	;# 
    63  009E                     	;# 
    64  009F                     	;# 
    65  010C                     	;# 
    66  010D                     	;# 
    67  010E                     	;# 
    68  010F                     	;# 
    69  018C                     	;# 
    70  018D                     	;# 
    71  0012                     _T2CON	set	18
    72  005F                     _GIE	set	95
    73  005E                     _PEIE	set	94
    74  0028                     _RA0	set	40
    75  0061                     _TMR2IF	set	97
    76  0092                     _TMR2ON	set	146
    77  009F                     _ADCON1	set	159
    78  0092                     _PR2	set	146
    79  0085                     _TRISA	set	133
    80  0461                     _TMR2IE	set	1121
    81                           
    82                           	psect	text0
    83  0000                     __ptext0:	
    84                           ; #config settings
    85                           
    86                           
    87                           ;psect for function _ISR
    88  0000                     
    89                           	psect	cinit
    90  0015                     start_initialization:	
    91  0015                     __initialization:	
    92  0015                     end_of_initialization:	
    93                           ;End of C runtime variable initialization code
    94                           
    95  0015                     __end_of__initialization:	
    96  0015  0183               	clrf	3
    97  0016  120A  118A  2819   	ljmp	_main	;jump to C main() function
    98                           
    99                           	psect	cstackCOMMON
   100  0070                     __pcstackCOMMON:	
   101  0070                     ?_ISR:	
   102  0070                     ??_ISR:	
   103                           ; 0 bytes @ 0x0
   104                           
   105  0070                     ?_main:	
   106                           ; 0 bytes @ 0x0
   107                           
   108                           
   109                           ; 0 bytes @ 0x0
   110  0070                     	ds	4
   111  0074                     ??_main:	
   112                           
   113                           	psect	maintext
   114  0019                     __pmaintext:	
   115                           ; 0 bytes @ 0x4
   116 ;;
   117 ;;Main: autosize = 0, tempsize = 0, incstack = 0, save=0
   118 ;;
   119 ;; *************** function _main *****************
   120 ;; Defined at:
   121 ;;		line 22 in file "D:\JinBus\CpE 3201\Practical Activity #4\CpE 3201-LE4-2\LE4-2.c"
   122 ;; Parameters:    Size  Location     Type
   123 ;;		None
   124 ;; Auto vars:     Size  Location     Type
   125 ;;		None
   126 ;; Return value:  Size  Location     Type
   127 ;;		None               void
   128 ;; Registers used:
   129 ;;		wreg, status,2
   130 ;; Tracked objects:
   131 ;;		On entry : 17F/0
   132 ;;		On exit  : 0/0
   133 ;;		Unchanged: 0/0
   134 ;; Data sizes:     COMMON   BANK0   BANK1   BANK3   BANK2
   135 ;;      Params:         0       0       0       0       0
   136 ;;      Locals:         0       0       0       0       0
   137 ;;      Temps:          0       0       0       0       0
   138 ;;      Totals:         0       0       0       0       0
   139 ;;Total ram usage:        0 bytes
   140 ;; Hardware stack levels required when called:    1
   141 ;; This function calls:
   142 ;;		Nothing
   143 ;; This function is called by:
   144 ;;		Startup code after reset
   145 ;; This function uses a non-reentrant model
   146 ;;
   147                           
   148                           
   149                           ;psect for function _main
   150  0019                     _main:	
   151                           
   152                           ;LE4-2.c: 23: ADCON1 = 0x06;
   153                           
   154                           ;incstack = 0
   155                           ; Regs used in _main: [wreg+status,2]
   156  0019  3006               	movlw	6
   157  001A  1683               	bsf	3,5	;RP0=1, select bank1
   158  001B  1303               	bcf	3,6	;RP1=0, select bank1
   159  001C  009F               	movwf	31	;volatile
   160                           
   161                           ;LE4-2.c: 24: TRISA = 0x00;
   162  001D  0185               	clrf	5	;volatile
   163                           
   164                           ;LE4-2.c: 25: RA0 = 0;
   165  001E  1283               	bcf	3,5	;RP0=0, select bank0
   166  001F  1303               	bcf	3,6	;RP1=0, select bank0
   167  0020  1005               	bcf	5,0	;volatile
   168                           
   169                           ;LE4-2.c: 26: T2CON = 0x01;
   170  0021  3001               	movlw	1
   171  0022  0092               	movwf	18	;volatile
   172                           
   173                           ;LE4-2.c: 27: TMR2IE = 1;
   174  0023  1683               	bsf	3,5	;RP0=1, select bank1
   175  0024  1303               	bcf	3,6	;RP1=0, select bank1
   176  0025  148C               	bsf	12,1	;volatile
   177                           
   178                           ;LE4-2.c: 28: TMR2IF = 0;
   179  0026  1283               	bcf	3,5	;RP0=0, select bank0
   180  0027  1303               	bcf	3,6	;RP1=0, select bank0
   181  0028  108C               	bcf	12,1	;volatile
   182                           
   183                           ;LE4-2.c: 29: PEIE = 1;
   184  0029  170B               	bsf	11,6	;volatile
   185                           
   186                           ;LE4-2.c: 30: GIE = 1;
   187  002A  178B               	bsf	11,7	;volatile
   188                           
   189                           ;LE4-2.c: 31: PR2 = 0x7D;
   190  002B  307D               	movlw	125
   191  002C  1683               	bsf	3,5	;RP0=1, select bank1
   192  002D  1303               	bcf	3,6	;RP1=0, select bank1
   193  002E  0092               	movwf	18	;volatile
   194                           
   195                           ;LE4-2.c: 32: TMR2ON = 1;
   196  002F  1283               	bcf	3,5	;RP0=0, select bank0
   197  0030  1303               	bcf	3,6	;RP1=0, select bank0
   198  0031  1512               	bsf	18,2	;volatile
   199  0032                     l27:	
   200                           ;LE4-2.c: 34: for(;;) {
   201                           
   202                           
   203                           ;LE4-2.c: 35: }
   204  0032  2832               	goto	l27
   205  0033                     __end_of_main:	
   206                           
   207                           	psect	text1
   208  0033                     __ptext1:	
   209 ;; *************** function _ISR *****************
   210 ;; Defined at:
   211 ;;		line 13 in file "D:\JinBus\CpE 3201\Practical Activity #4\CpE 3201-LE4-2\LE4-2.c"
   212 ;; Parameters:    Size  Location     Type
   213 ;;		None
   214 ;; Auto vars:     Size  Location     Type
   215 ;;		None
   216 ;; Return value:  Size  Location     Type
   217 ;;		None               void
   218 ;; Registers used:
   219 ;;		wreg
   220 ;; Tracked objects:
   221 ;;		On entry : 0/0
   222 ;;		On exit  : 0/0
   223 ;;		Unchanged: 0/0
   224 ;; Data sizes:     COMMON   BANK0   BANK1   BANK3   BANK2
   225 ;;      Params:         0       0       0       0       0
   226 ;;      Locals:         0       0       0       0       0
   227 ;;      Temps:          4       0       0       0       0
   228 ;;      Totals:         4       0       0       0       0
   229 ;;Total ram usage:        4 bytes
   230 ;; Hardware stack levels used:    1
   231 ;; This function calls:
   232 ;;		Nothing
   233 ;; This function is called by:
   234 ;;		Interrupt level 1
   235 ;; This function uses a non-reentrant model
   236 ;;
   237                           
   238                           
   239                           ;psect for function _ISR
   240  0033                     _ISR:	
   241                           
   242                           ;LE4-2.c: 14: GIE = 0;
   243  0033  138B               	bcf	11,7	;volatile
   244                           
   245                           ;LE4-2.c: 15: if (TMR2IF==1) {
   246  0034  1C8C               	btfss	12,1	;volatile
   247  0035  2839               	goto	i1l492
   248                           
   249                           ;LE4-2.c: 16: TMR2IF = 0;
   250  0036  108C               	bcf	12,1	;volatile
   251                           
   252                           ;LE4-2.c: 17: RA0 = RA0^1;
   253  0037  3001               	movlw	1
   254  0038  0685               	xorwf	5,f
   255  0039                     i1l492:	
   256                           
   257                           ;LE4-2.c: 18: }
   258                           ;LE4-2.c: 19: GIE = 1;
   259  0039  178B               	bsf	11,7	;volatile
   260  003A  0873               	movf	??_ISR+3,w
   261  003B  00FF               	movwf	127
   262  003C  0872               	movf	??_ISR+2,w
   263  003D  008A               	movwf	10
   264  003E  0871               	movf	??_ISR+1,w
   265  003F  0084               	movwf	4
   266  0040  0E70               	swapf	??_ISR^(0+-128),w
   267  0041  0083               	movwf	3
   268  0042  0EFE               	swapf	126,f
   269  0043  0E7E               	swapf	126,w
   270  0044  0009               	retfie
   271  0045                     __end_of_ISR:	
   272  007E                     btemp	set	126	;btemp
   273  007E                     wtemp	set	126
   274  007E                     wtemp0	set	126
   275  0080                     wtemp1	set	128
   276  0082                     wtemp2	set	130
   277  0084                     wtemp3	set	132
   278  0086                     wtemp4	set	134
   279  0088                     wtemp5	set	136
   280  007F                     wtemp6	set	127
   281  007E                     ttemp	set	126
   282  007E                     ttemp0	set	126
   283  0081                     ttemp1	set	129
   284  0084                     ttemp2	set	132
   285  0087                     ttemp3	set	135
   286  007F                     ttemp4	set	127
   287  007E                     ltemp	set	126
   288  007E                     ltemp0	set	126
   289  0082                     ltemp1	set	130
   290  0086                     ltemp2	set	134
   291  0080                     ltemp3	set	128
   292                           
   293                           	psect	intentry
   294  0004                     __pintentry:	
   295                           ;incstack = 0
   296                           ; Regs used in _ISR: [wreg]
   297                           
   298  0004                     interrupt_function:	
   299  007E                     saved_w	set	btemp
   300  0004  00FE               	movwf	btemp
   301  0005  0E03               	swapf	3,w
   302  0006  00F0               	movwf	??_ISR
   303  0007  0804               	movf	4,w
   304  0008  00F1               	movwf	??_ISR+1
   305  0009  080A               	movf	10,w
   306  000A  00F2               	movwf	??_ISR+2
   307  000B  1283               	bcf	3,5	;RP0=0, select bank0
   308  000C  1303               	bcf	3,6	;RP1=0, select bank0
   309  000D  087F               	movf	btemp+1,w
   310  000E  00F3               	movwf	??_ISR+3
   311  000F  120A  118A  2833   	ljmp	_ISR


Data Sizes:
    Strings     0
    Constant    0
    Data        0
    BSS         0
    Persistent  0
    Stack       0

Auto Spaces:
    Space          Size  Autos    Used
    COMMON           14      4       4
    BANK0            80      0       0
    BANK1            80      0       0
    BANK3            96      0       0
    BANK2            96      0       0

Pointer List with Targets:

    None.

Critical Paths under _main in COMMON

    None.

Critical Paths under _ISR in COMMON

    None.

Critical Paths under _main in BANK0

    None.

Critical Paths under _ISR in BANK0

    None.

Critical Paths under _main in BANK1

    None.

Critical Paths under _ISR in BANK1

    None.

Critical Paths under _main in BANK3

    None.

Critical Paths under _ISR in BANK3

    None.

Critical Paths under _main in BANK2

    None.

Critical Paths under _ISR in BANK2

    None.

Call Graph Tables:

 ---------------------------------------------------------------------------------
 (Depth) Function   	        Calls       Base Space   Used Autos Params    Refs
 ---------------------------------------------------------------------------------
 (0) _main                                                 0     0      0       0
 ---------------------------------------------------------------------------------
 Estimated maximum stack depth 0
 ---------------------------------------------------------------------------------
 (Depth) Function   	        Calls       Base Space   Used Autos Params    Refs
 ---------------------------------------------------------------------------------
 (1) _ISR                                                  4     4      0       0
                                              0 COMMON     4     4      0
 ---------------------------------------------------------------------------------
 Estimated maximum stack depth 1
 ---------------------------------------------------------------------------------

 Call Graph Graphs:

 _main (ROOT)

 _ISR (ROOT)

 Address spaces:
Name               Size   Autos  Total    Cost      Usage
BITCOMMON            E      0       0       0        0.0%
EEDATA             100      0       0       0        0.0%
NULL                 0      0       0       0        0.0%
CODE                 0      0       0       0        0.0%
COMMON               E      4       4       1       28.6%
BITSFR0              0      0       0       1        0.0%
SFR0                 0      0       0       1        0.0%
BITSFR1              0      0       0       2        0.0%
SFR1                 0      0       0       2        0.0%
STACK                0      0       0       2        0.0%
ABS                  0      0       0       3        0.0%
BITBANK0            50      0       0       4        0.0%
BITSFR3              0      0       0       4        0.0%
SFR3                 0      0       0       4        0.0%
BANK0               50      0       0       5        0.0%
BITSFR2              0      0       0       5        0.0%
SFR2                 0      0       0       5        0.0%
BITBANK1            50      0       0       6        0.0%
BANK1               50      0       0       7        0.0%
BITBANK3            60      0       0       8        0.0%
BANK3               60      0       0       9        0.0%
BITBANK2            60      0       0      10        0.0%
BANK2               60      0       0      11        0.0%
DATA                 0      0       0      12        0.0%


Microchip Technology PIC Macro Assembler V1.33 build 59893 
Symbol Table                                                                                   Tue Mar 07 19:34:15 2023

            __CFG_CP$OFF 0000                       l27 0032                      _GIE 005F  
                    _RA0 0028                      _PR2 0092             __CFG_CPD$OFF 0000  
                    _ISR 0033                      fsr0 0004             __CFG_FOSC$XT 0000  
           __CFG_LVP$OFF 0000                     ?_ISR 0070                     _PEIE 005E  
           __CFG_WRT$OFF 0000                     _main 0019                     btemp 007E  
          __CFG_BOREN$ON 0000                     ltemp 007E                     start 0012  
                   ttemp 007E                     wtemp 007E                    ??_ISR 0070  
                  ?_main 0070            __CFG_WDTE$OFF 0000                    _T2CON 0012  
                  i1l492 0039                    _TRISA 0085            __CFG_PWRTE$ON 0000  
                  pclath 000A                    ltemp0 007E                    ltemp1 0082  
                  ltemp2 0086                    ltemp3 0080                    ttemp0 007E  
                  ttemp1 0081                    ttemp2 0084                    ttemp3 0087  
                  ttemp4 007F                    status 0003                    wtemp0 007E  
                  wtemp1 0080                    wtemp2 0082                    wtemp3 0084  
                  wtemp4 0086                    wtemp5 0088                    wtemp6 007F  
        __initialization 0015             __end_of_main 0033                   ??_main 0074  
                 _ADCON1 009F                   _TMR2IE 0461                   _TMR2IF 0061  
                 _TMR2ON 0092                   saved_w 007E  __end_of__initialization 0015  
         __pcstackCOMMON 0070               __pmaintext 0019               __pintentry 0004  
                __ptext0 0000                  __ptext1 0033             __size_of_ISR 0012  
   end_of_initialization 0015      start_initialization 0015              __end_of_ISR 0045  
              ___latbits 0002        interrupt_function 0004            __size_of_main 001A  
               intlevel1 0000  
